sync.c:sync_init(296) - rim-sync plugin not available. Unable to find plugin "rim-sync". This can be caused by unresolved symbols Sync disabled.
bb_usb.c:monitor_usb(1983) - done = True
bb_usb.c:monitor_usb(2000) - Number of devices has changed by 8
bb_usb.c:scan_bus(1942) 0 devices found
bb_usb.c:scan_device(1836) - bcdDevice 0106, 1 configurations bcdDevice 0x0106
bb_usb.c:scan_config(1782) - bConfiguration 1 MaxPower = 500mA
bb_usb.c:scan_setting(1621) - bInterfaceClass = 0xff bInterfaceSubClass = 0x01 bInterfaceProtocol = 0xff
hello ==> 00 00 07 00 01 ff 00 --  -- -- -- -- -- -- -- --  ....... 
bb_usb.c:say_hello(520) - Read 0 bytes of 7 from ep 81. Didn't hear hello. Resource temporarily unavailable No error
bb_usb.c:check_endpoint_pair(1525) - Couldn't say hello on endpoint pair 1 2
bb_usb.c:scan_endpoint(1595) 0 endpoint pairs found
hello ==> 00 00 07 00 01 ff 00 --  -- -- -- -- -- -- -- --  ....... 
hello <== 00 00 07 00 02 ff 00 --  -- -- -- -- -- -- -- --  ....... 
bb_usb.c:check_endpoint_pair(1497) - found one 3 4
bb_usb.c:process_queue(558) - len = 1 last = (nil) 0
==> 00 00 0c 00 05 ff 00 00  00 00 04 00 -- -- -- --  ....... .....
XmBlackBerry.c:device_signal(2286) - ffffffff initialized = True
bb_usb.c:scan_endpoint(1595) 1 endpoint pair found
bb_usb.c:scan_setting(1681) i = 3 bNumEndpoints = 8
ip_modem.c:NewIpModem(347) - pty name. "/dev/pts/16"
bb_usb.c:scan_setting(1726) 1 endpoint found
bb_usb.c:scan_interface(1765) 1 setting found
bb_usb.c:scan_config(1798) 1 interface found
bb_usb.c:scan_device(1910) 1 device found
bb_usb.c:scan_bus(1942) 1 device found
bb_usb.c:scan_bus(1942) 0 devices found
bb_usb.c:scan_bus(1942) 0 devices found
bb_usb.c:scan_bus(1942) 0 devices found
bb_usb.c:scan_busses(1966) 1 device found
bb_usb.c:monitor_usb(2013) - Number of new devices 1
bb_usb.c:monitor_usb(1983) - done = False
XmBlackBerry.c:DriverSignalCallback(2261) - ffffffff connected = True 1
XmBlackBerry.c:AddDevice(2568) - ffffffff Found un-mapped widget
<== 00 00 14 00 06 ff 00 00  08 00 04 00 03 00 00 00  ........ ........ 
    49 9c 12 24 -- -- -- --  -- -- -- -- -- -- -- --  I..$
bb_usb.c:process(907) - Got the PIN 24129c49 max_packet 0x0400
bb_usb.c:process_queue(558) - len = 1 last = (nil) 20
==> 00 00 0c 00 05 ff 00 00  00 00 02 00 -- -- -- --  ....... .....
<== 00 00 c4 01 06 ff 00 00  b8 01 02 00 0a 00 04 00  ........ ........ 
    b8 01 00 00 01 17 02 05  03 0d 00 84 52 49 4d 20  ........ ....RIM  
    38 31 30 30 20 53 65 72  69 65 73 20 43 6f 6c 6f  8100 Ser ies Colo 
    75 72 20 47 50 52 53 20  48 61 6e 64 68 65 6c 64  ur GPRS  Handheld 
    00 00 00 00 00 00 00 00  00 00 00 00 00 00 00 00  ........ ........ 
    00 00 00 00 00 00 00 00  00 00 00 00 6e 70 61 72  ........ ....npar 
    74 68 69 62 61 6e 00 00  00 00 00 00 4a 75 6c 20  thiban.. ....Jul  
    31 33 20 32 30 30 36 00  00 00 00 00 31 30 3a 32  13 2006. ....10:2 
    37 3a 35 36 00 00 00 00  00 00 00 00 00 01 0f 00  7:56.... ........ 
    00 00 00 00 00 00 00 00  a4 00 00 00 0a 00 00 00  ........ ........ 
    b8 00 00 00 40 00 00 00  02 00 00 00 90 65 00 80  ....@... .....e.. 
    01 05 02 c5 03 01 04 09  07 12 ff ff ff ff ff ff  ........ ........ 
    ff ff ff ff 4a 56 be 92  0c 00 01 00 03 0c 00 00  ....JV.. ........ 
    00 00 00 80 ff ff 3f 80  03 0c 00 01 00 00 00 d0  ......?. ........ 
    ff ff 07 d0 03 0c 01 00  00 00 40 80 ff ff 3f 82  ........ ..@...?. 
    03 0c 01 01 00 00 40 82  ff ff 3f 84 0e 10 00 00  ......@. ..?..... 
    00 00 02 80 ff ff 05 80  00 00 01 00 02 08 00 00  ........ ........ 
    00 00 06 80 15 14 00 00  00 00 02 00 ff ff 3d 82  ........ ......=. 
    00 00 02 00 00 00 42 80  07 14 00 00 00 00 02 00  ......B. ........ 
    00 00 42 82 ff ff 33 84  00 00 02 00 0c 0c 00 00  ..B...3. ........ 
    00 00 34 84 ff ff 35 84  05 14 00 00 00 00 02 00  ..4...5. ........ 
    00 00 36 84 ff ff 3f 84  00 00 02 00 12 0c 00 00  ..6...?. ........ 
    00 00 00 d0 ff ff 07 d0  09 08 00 00 e9 2c ad d8  ........ .....,.. 
    ff ff ff ff ff ff ff ff  ff ff ff ff ff ff ff ff  ........ ........ 
    ff ff ff ff ff ff ff ff  ff ff ff ff ff ff ff ff  ........ ........ 
    ff ff ff ff ff ff ff ff  ff ff ff ff ff ff ff ff  ........ ........ 
    ff ff ff ff ff ff ff ff  ff ff ff ff ff ff ff ff  ........ ........ 
    ff ff ff ff ff ff ff ff  ff ff ff ff ff ff ff ff  ........ ........ 
    ff ff ff ff -- -- -- --  -- -- -- -- -- -- -- --  ....
bb_usb.c:process(932) - 24129c49 "RIM 8100 Series Colour GPRS Handheld" 0x000d
bb_usb.c:process_queue(558) - len = 0 last = (nil) 0
ip_modem.c:read_master(180) - Slave opened
-->GPRS 01 00 00 00 78 56 34 12  -- -- -- -- -- -- -- --  ....xV4 .
<--GPRS 04 00 00 00 00 00 00 00  00 00 00 00 00 00 00 00  ........ ........ 
        01 00 00 00 1c 00 00 00  78 56 34 12 -- -- -- --  ....... .xV4.
-->GPRS 41 -- -- -- -- -- -- --  -- -- -- -- -- -- -- --  A
<--GPRS 00 00 00 00 20 00 00 00  20 00 00 00 00 00 00 00  .... ...  ....... 
        18 00 00 00 78 56 34 12  -- -- -- -- -- -- -- --  ....xV4 .
<--GPRS 41 -- -- -- -- -- -- --  -- -- -- -- -- -- -- --  A
-->GPRS 54 -- -- -- -- -- -- --  -- -- -- -- -- -- -- --  T
<--GPRS 00 00 00 00 20 00 00 00  20 00 00 00 00 00 00 00  .... ...  ....... 
        18 00 00 00 78 56 34 12  -- -- -- -- -- -- -- --  ....xV4 .
<--GPRS 54 -- -- -- -- -- -- --  -- -- -- -- -- -- -- --  T
-->GPRS 5a -- -- -- -- -- -- --  -- -- -- -- -- -- -- --  Z
<--GPRS 00 00 00 00 20 00 00 00  20 00 00 00 00 00 00 00  .... ...  ....... 
        18 00 00 00 78 56 34 12  -- -- -- -- -- -- -- --  ....xV4 .
<--GPRS 5a -- -- -- -- -- -- --  -- -- -- -- -- -- -- --  Z
-->GPRS 0d -- -- -- -- -- -- --  -- -- -- -- -- -- -- --  .
<--GPRS 00 00 00 00 20 00 00 00  20 00 00 00 00 00 00 00  .... ...  ....... 
        18 00 00 00 78 56 34 12  -- -- -- -- -- -- -- --  ....xV4 .
<--GPRS 0d 0a -- -- -- -- -- --  -- -- -- -- -- -- -- --  ..
<--GPRS 0d 0a 4f 4b 0d 0a -- --  -- -- -- -- -- -- -- --  ..OK..
-->GPRS 41 -- -- -- -- -- -- --  -- -- -- -- -- -- -- --  A
<--GPRS 00 00 00 00 20 00 00 00  20 00 00 00 00 00 00 00  .... ...  ....... 
        18 00 00 00 78 56 34 12  -- -- -- -- -- -- -- --  ....xV4 .
<--GPRS 41 -- -- -- -- -- -- --  -- -- -- -- -- -- -- --  A
-->GPRS 54 -- -- -- -- -- -- --  -- -- -- -- -- -- -- --  T
<--GPRS 00 00 00 00 20 00 00 00  20 00 00 00 00 00 00 00  .... ...  ....... 
        18 00 00 00 78 56 34 12  -- -- -- -- -- -- -- --  ....xV4 .
<--GPRS 54 -- -- -- -- -- -- --  -- -- -- -- -- -- -- --  T
-->GPRS 2b -- -- -- -- -- -- --  -- -- -- -- -- -- -- --  +
<--GPRS 00 00 00 00 20 00 00 00  20 00 00 00 00 00 00 00  .... ...  ....... 
        18 00 00 00 78 56 34 12  -- -- -- -- -- -- -- --  ....xV4 .
<--GPRS 2b -- -- -- -- -- -- --  -- -- -- -- -- -- -- --  +
-->GPRS 43 -- -- -- -- -- -- --  -- -- -- -- -- -- -- --  C
<--GPRS 00 00 00 00 20 00 00 00  20 00 00 00 00 00 00 00  .... ...  ....... 
        18 00 00 00 78 56 34 12  -- -- -- -- -- -- -- --  ....xV4 .
<--GPRS 43 -- -- -- -- -- -- --  -- -- -- -- -- -- -- --  C
-->GPRS 47 -- -- -- -- -- -- --  -- -- -- -- -- -- -- --  G
<--GPRS 00 00 00 00 20 00 00 00  20 00 00 00 00 00 00 00  .... ...  ....... 
        18 00 00 00 78 56 34 12  -- -- -- -- -- -- -- --  ....xV4 .
<--GPRS 47 -- -- -- -- -- -- --  -- -- -- -- -- -- -- --  G
-->GPRS 44 -- -- -- -- -- -- --  -- -- -- -- -- -- -- --  D
<--GPRS 00 00 00 00 20 00 00 00  20 00 00 00 00 00 00 00  .... ...  ....... 
        18 00 00 00 78 56 34 12  -- -- -- -- -- -- -- --  ....xV4 .
<--GPRS 44 -- -- -- -- -- -- --  -- -- -- -- -- -- -- --  D
-->GPRS 43 -- -- -- -- -- -- --  -- -- -- -- -- -- -- --  C
<--GPRS 00 00 00 00 20 00 00 00  20 00 00 00 00 00 00 00  .... ...  ....... 
        18 00 00 00 78 56 34 12  -- -- -- -- -- -- -- --  ....xV4 .
<--GPRS 43 -- -- -- -- -- -- --  -- -- -- -- -- -- -- --  C
-->GPRS 4f -- -- -- -- -- -- --  -- -- -- -- -- -- -- --  O
<--GPRS 00 00 00 00 20 00 00 00  20 00 00 00 00 00 00 00  .... ...  ....... 
        18 00 00 00 78 56 34 12  -- -- -- -- -- -- -- --  ....xV4 .
<--GPRS 4f -- -- -- -- -- -- --  -- -- -- -- -- -- -- --  O
-->GPRS 4e -- -- -- -- -- -- --  -- -- -- -- -- -- -- --  N
<--GPRS 00 00 00 00 20 00 00 00  20 00 00 00 00 00 00 00  .... ...  ....... 
        18 00 00 00 78 56 34 12  -- -- -- -- -- -- -- --  ....xV4 .
<--GPRS 4e -- -- -- -- -- -- --  -- -- -- -- -- -- -- --  N
-->GPRS 54 -- -- -- -- -- -- --  -- -- -- -- -- -- -- --  T
<--GPRS 00 00 00 00 20 00 00 00  20 00 00 00 00 00 00 00  .... ...  ....... 
        18 00 00 00 78 56 34 12  -- -- -- -- -- -- -- --  ....xV4 .
<--GPRS 54 -- -- -- -- -- -- --  -- -- -- -- -- -- -- --  T
-->GPRS 3d -- -- -- -- -- -- --  -- -- -- -- -- -- -- --  =
<--GPRS 00 00 00 00 20 00 00 00  20 00 00 00 00 00 00 00  .... ...  ....... 
        18 00 00 00 78 56 34 12  -- -- -- -- -- -- -- --  ....xV4 .
<--GPRS 3d -- -- -- -- -- -- --  -- -- -- -- -- -- -- --  =
-->GPRS 31 -- -- -- -- -- -- --  -- -- -- -- -- -- -- --  1
<--GPRS 00 00 00 00 20 00 00 00  20 00 00 00 00 00 00 00  .... ...  ....... 
        18 00 00 00 78 56 34 12  -- -- -- -- -- -- -- --  ....xV4 .
<--GPRS 31 -- -- -- -- -- -- --  -- -- -- -- -- -- -- --  1
-->GPRS 2c -- -- -- -- -- -- --  -- -- -- -- -- -- -- --  ,
<--GPRS 00 00 00 00 20 00 00 00  20 00 00 00 00 00 00 00  .... ...  ....... 
        18 00 00 00 78 56 34 12  -- -- -- -- -- -- -- --  ....xV4 .
<--GPRS 2c -- -- -- -- -- -- --  -- -- -- -- -- -- -- --  ,
-->GPRS 22 -- -- -- -- -- -- --  -- -- -- -- -- -- -- --  "
<--GPRS 00 00 00 00 20 00 00 00  20 00 00 00 00 00 00 00  .... ...  ....... 
        18 00 00 00 78 56 34 12  -- -- -- -- -- -- -- --  ....xV4 .
<--GPRS 22 -- -- -- -- -- -- --  -- -- -- -- -- -- -- --  "
-->GPRS 49 -- -- -- -- -- -- --  -- -- -- -- -- -- -- --  I
<--GPRS 00 00 00 00 20 00 00 00  20 00 00 00 00 00 00 00  .... ...  ....... 
        18 00 00 00 78 56 34 12  -- -- -- -- -- -- -- --  ....xV4 .
<--GPRS 49 -- -- -- -- -- -- --  -- -- -- -- -- -- -- --  I
-->GPRS 50 -- -- -- -- -- -- --  -- -- -- -- -- -- -- --  P
<--GPRS 00 00 00 00 20 00 00 00  20 00 00 00 00 00 00 00  .... ...  ....... 
        18 00 00 00 78 56 34 12  -- -- -- -- -- -- -- --  ....xV4 .
<--GPRS 50 -- -- -- -- -- -- --  -- -- -- -- -- -- -- --  P
-->GPRS 22 -- -- -- -- -- -- --  -- -- -- -- -- -- -- --  "
<--GPRS 00 00 00 00 20 00 00 00  20 00 00 00 00 00 00 00  .... ...  ....... 
        18 00 00 00 78 56 34 12  -- -- -- -- -- -- -- --  ....xV4 .
<--GPRS 22 -- -- -- -- -- -- --  -- -- -- -- -- -- -- --  "
-->GPRS 2c -- -- -- -- -- -- --  -- -- -- -- -- -- -- --  ,
<--GPRS 00 00 00 00 20 00 00 00  20 00 00 00 00 00 00 00  .... ...  ....... 
        18 00 00 00 78 56 34 12  -- -- -- -- -- -- -- --  ....xV4 .
<--GPRS 2c -- -- -- -- -- -- --  -- -- -- -- -- -- -- --  ,
-->GPRS 22 -- -- -- -- -- -- --  -- -- -- -- -- -- -- --  "
<--GPRS 00 00 00 00 20 00 00 00  20 00 00 00 00 00 00 00  .... ...  ....... 
        18 00 00 00 78 56 34 12  -- -- -- -- -- -- -- --  ....xV4 .
<--GPRS 22 -- -- -- -- -- -- --  -- -- -- -- -- -- -- --  "
-->GPRS 77 -- -- -- -- -- -- --  -- -- -- -- -- -- -- --  w
<--GPRS 00 00 00 00 20 00 00 00  20 00 00 00 00 00 00 00  .... ...  ....... 
        18 00 00 00 78 56 34 12  -- -- -- -- -- -- -- --  ....xV4 .
<--GPRS 77 -- -- -- -- -- -- --  -- -- -- -- -- -- -- --  w
-->GPRS 61 -- -- -- -- -- -- --  -- -- -- -- -- -- -- --  a
<--GPRS 00 00 00 00 20 00 00 00  20 00 00 00 00 00 00 00  .... ...  ....... 
        18 00 00 00 78 56 34 12  -- -- -- -- -- -- -- --  ....xV4 .
<--GPRS 61 -- -- -- -- -- -- --  -- -- -- -- -- -- -- --  a
-->GPRS 70 -- -- -- -- -- -- --  -- -- -- -- -- -- -- --  p
<--GPRS 00 00 00 00 20 00 00 00  20 00 00 00 00 00 00 00  .... ...  ....... 
        18 00 00 00 78 56 34 12  -- -- -- -- -- -- -- --  ....xV4 .
<--GPRS 70 -- -- -- -- -- -- --  -- -- -- -- -- -- -- --  p
-->GPRS 2e -- -- -- -- -- -- --  -- -- -- -- -- -- -- --  .
<--GPRS 00 00 00 00 20 00 00 00  20 00 00 00 00 00 00 00  .... ...  ....... 
        18 00 00 00 78 56 34 12  -- -- -- -- -- -- -- --  ....xV4 .
<--GPRS 2e -- -- -- -- -- -- --  -- -- -- -- -- -- -- --  .
-->GPRS 76 -- -- -- -- -- -- --  -- -- -- -- -- -- -- --  v
<--GPRS 00 00 00 00 20 00 00 00  20 00 00 00 00 00 00 00  .... ...  ....... 
        18 00 00 00 78 56 34 12  -- -- -- -- -- -- -- --  ....xV4 .
<--GPRS 76 -- -- -- -- -- -- --  -- -- -- -- -- -- -- --  v
-->GPRS 6f -- -- -- -- -- -- --  -- -- -- -- -- -- -- --  o
<--GPRS 00 00 00 00 20 00 00 00  20 00 00 00 00 00 00 00  .... ...  ....... 
        18 00 00 00 78 56 34 12  -- -- -- -- -- -- -- --  ....xV4 .
<--GPRS 6f -- -- -- -- -- -- --  -- -- -- -- -- -- -- --  o
-->GPRS 69 -- -- -- -- -- -- --  -- -- -- -- -- -- -- --  i
<--GPRS 00 00 00 00 20 00 00 00  20 00 00 00 00 00 00 00  .... ...  ....... 
        18 00 00 00 78 56 34 12  -- -- -- -- -- -- -- --  ....xV4 .
<--GPRS 69 -- -- -- -- -- -- --  -- -- -- -- -- -- -- --  i
-->GPRS 63 -- -- -- -- -- -- --  -- -- -- -- -- -- -- --  c
<--GPRS 00 00 00 00 20 00 00 00  20 00 00 00 00 00 00 00  .... ...  ....... 
        18 00 00 00 78 56 34 12  -- -- -- -- -- -- -- --  ....xV4 .
<--GPRS 63 -- -- -- -- -- -- --  -- -- -- -- -- -- -- --  c
-->GPRS 65 -- -- -- -- -- -- --  -- -- -- -- -- -- -- --  e
<--GPRS 00 00 00 00 20 00 00 00  20 00 00 00 00 00 00 00  .... ...  ....... 
        18 00 00 00 78 56 34 12  -- -- -- -- -- -- -- --  ....xV4 .
<--GPRS 65 -- -- -- -- -- -- --  -- -- -- -- -- -- -- --  e
-->GPRS 73 -- -- -- -- -- -- --  -- -- -- -- -- -- -- --  s
<--GPRS 00 00 00 00 20 00 00 00  20 00 00 00 00 00 00 00  .... ...  ....... 
        18 00 00 00 78 56 34 12  -- -- -- -- -- -- -- --  ....xV4 .
<--GPRS 73 -- -- -- -- -- -- --  -- -- -- -- -- -- -- --  s
-->GPRS 74 -- -- -- -- -- -- --  -- -- -- -- -- -- -- --  t
<--GPRS 00 00 00 00 20 00 00 00  20 00 00 00 00 00 00 00  .... ...  ....... 
        18 00 00 00 78 56 34 12  -- -- -- -- -- -- -- --  ....xV4 .
<--GPRS 74 -- -- -- -- -- -- --  -- -- -- -- -- -- -- --  t
-->GPRS 72 -- -- -- -- -- -- --  -- -- -- -- -- -- -- --  r
<--GPRS 00 00 00 00 20 00 00 00  20 00 00 00 00 00 00 00  .... ...  ....... 
        18 00 00 00 78 56 34 12  -- -- -- -- -- -- -- --  ....xV4 .
<--GPRS 72 -- -- -- -- -- -- --  -- -- -- -- -- -- -- --  r
-->GPRS 65 -- -- -- -- -- -- --  -- -- -- -- -- -- -- --  e
<--GPRS 00 00 00 00 20 00 00 00  20 00 00 00 00 00 00 00  .... ...  ....... 
        18 00 00 00 78 56 34 12  -- -- -- -- -- -- -- --  ....xV4 .
<--GPRS 65 -- -- -- -- -- -- --  -- -- -- -- -- -- -- --  e
-->GPRS 61 -- -- -- -- -- -- --  -- -- -- -- -- -- -- --  a
<--GPRS 00 00 00 00 20 00 00 00  20 00 00 00 00 00 00 00  .... ...  ....... 
        18 00 00 00 78 56 34 12  -- -- -- -- -- -- -- --  ....xV4 .
<--GPRS 61 -- -- -- -- -- -- --  -- -- -- -- -- -- -- --  a
-->GPRS 6d -- -- -- -- -- -- --  -- -- -- -- -- -- -- --  m
<--GPRS 00 00 00 00 20 00 00 00  20 00 00 00 00 00 00 00  .... ...  ....... 
        18 00 00 00 78 56 34 12  -- -- -- -- -- -- -- --  ....xV4 .
<--GPRS 6d -- -- -- -- -- -- --  -- -- -- -- -- -- -- --  m
-->GPRS 2e -- -- -- -- -- -- --  -- -- -- -- -- -- -- --  .
<--GPRS 00 00 00 00 20 00 00 00  20 00 00 00 00 00 00 00  .... ...  ....... 
        18 00 00 00 78 56 34 12  -- -- -- -- -- -- -- --  ....xV4 .
<--GPRS 2e -- -- -- -- -- -- --  -- -- -- -- -- -- -- --  .
-->GPRS 63 -- -- -- -- -- -- --  -- -- -- -- -- -- -- --  c
<--GPRS 00 00 00 00 20 00 00 00  20 00 00 00 00 00 00 00  .... ...  ....... 
        18 00 00 00 78 56 34 12  -- -- -- -- -- -- -- --  ....xV4 .
<--GPRS 63 -- -- -- -- -- -- --  -- -- -- -- -- -- -- --  c
-->GPRS 6f -- -- -- -- -- -- --  -- -- -- -- -- -- -- --  o
<--GPRS 00 00 00 00 20 00 00 00  20 00 00 00 00 00 00 00  .... ...  ....... 
        18 00 00 00 78 56 34 12  -- -- -- -- -- -- -- --  ....xV4 .
<--GPRS 6f -- -- -- -- -- -- --  -- -- -- -- -- -- -- --  o
-->GPRS 6d -- -- -- -- -- -- --  -- -- -- -- -- -- -- --  m
<--GPRS 00 00 00 00 20 00 00 00  20 00 00 00 00 00 00 00  .... ...  ....... 
        18 00 00 00 78 56 34 12  -- -- -- -- -- -- -- --  ....xV4 .
<--GPRS 6d -- -- -- -- -- -- --  -- -- -- -- -- -- -- --  m
-->GPRS 22 -- -- -- -- -- -- --  -- -- -- -- -- -- -- --  "
<--GPRS 00 00 00 00 20 00 00 00  20 00 00 00 00 00 00 00  .... ...  ....... 
        18 00 00 00 78 56 34 12  -- -- -- -- -- -- -- --  ....xV4 .
<--GPRS 22 -- -- -- -- -- -- --  -- -- -- -- -- -- -- --  "
-->GPRS 0d -- -- -- -- -- -- --  -- -- -- -- -- -- -- --  .
<--GPRS 00 00 00 00 20 00 00 00  20 00 00 00 00 00 00 00  .... ...  ....... 
        18 00 00 00 78 56 34 12  -- -- -- -- -- -- -- --  ....xV4 .
<--GPRS 0d 0a -- -- -- -- -- --  -- -- -- -- -- -- -- --  ..
<--GPRS 0d 0a 4f 4b 0d 0a -- --  -- -- -- -- -- -- -- --  ..OK..
-->GPRS 41 -- -- -- -- -- -- --  -- -- -- -- -- -- -- --  A
<--GPRS 00 00 00 00 20 00 00 00  20 00 00 00 00 00 00 00  .... ...  ....... 
        18 00 00 00 78 56 34 12  -- -- -- -- -- -- -- --  ....xV4 .
<--GPRS 41 -- -- -- -- -- -- --  -- -- -- -- -- -- -- --  A
-->GPRS 54 -- -- -- -- -- -- --  -- -- -- -- -- -- -- --  T
<--GPRS 00 00 00 00 20 00 00 00  20 00 00 00 00 00 00 00  .... ...  ....... 
        18 00 00 00 78 56 34 12  -- -- -- -- -- -- -- --  ....xV4 .
<--GPRS 54 -- -- -- -- -- -- --  -- -- -- -- -- -- -- --  T
-->GPRS 44 -- -- -- -- -- -- --  -- -- -- -- -- -- -- --  D
<--GPRS 00 00 00 00 20 00 00 00  20 00 00 00 00 00 00 00  .... ...  ....... 
        18 00 00 00 78 56 34 12  -- -- -- -- -- -- -- --  ....xV4 .
<--GPRS 44 -- -- -- -- -- -- --  -- -- -- -- -- -- -- --  D
-->GPRS 2a -- -- -- -- -- -- --  -- -- -- -- -- -- -- --  *
<--GPRS 00 00 00 00 20 00 00 00  20 00 00 00 00 00 00 00  .... ...  ....... 
        18 00 00 00 78 56 34 12  -- -- -- -- -- -- -- --  ....xV4 .
<--GPRS 2a -- -- -- -- -- -- --  -- -- -- -- -- -- -- --  *
-->GPRS 39 -- -- -- -- -- -- --  -- -- -- -- -- -- -- --  9
<--GPRS 00 00 00 00 20 00 00 00  20 00 00 00 00 00 00 00  .... ...  ....... 
        18 00 00 00 78 56 34 12  -- -- -- -- -- -- -- --  ....xV4 .
<--GPRS 39 -- -- -- -- -- -- --  -- -- -- -- -- -- -- --  9
-->GPRS 39 -- -- -- -- -- -- --  -- -- -- -- -- -- -- --  9
<--GPRS 00 00 00 00 20 00 00 00  20 00 00 00 00 00 00 00  .... ...  ....... 
        18 00 00 00 78 56 34 12  -- -- -- -- -- -- -- --  ....xV4 .
<--GPRS 39 -- -- -- -- -- -- --  -- -- -- -- -- -- -- --  9
-->GPRS 2a -- -- -- -- -- -- --  -- -- -- -- -- -- -- --  *
<--GPRS 00 00 00 00 20 00 00 00  20 00 00 00 00 00 00 00  .... ...  ....... 
        18 00 00 00 78 56 34 12  -- -- -- -- -- -- -- --  ....xV4 .
<--GPRS 2a -- -- -- -- -- -- --  -- -- -- -- -- -- -- --  *
-->GPRS 2a -- -- -- -- -- -- --  -- -- -- -- -- -- -- --  *
<--GPRS 00 00 00 00 20 00 00 00  20 00 00 00 00 00 00 00  .... ...  ....... 
        18 00 00 00 78 56 34 12  -- -- -- -- -- -- -- --  ....xV4 .
<--GPRS 2a -- -- -- -- -- -- --  -- -- -- -- -- -- -- --  *
-->GPRS 2a -- -- -- -- -- -- --  -- -- -- -- -- -- -- --  *
<--GPRS 00 00 00 00 20 00 00 00  20 00 00 00 00 00 00 00  .... ...  ....... 
        18 00 00 00 78 56 34 12  -- -- -- -- -- -- -- --  ....xV4 .
<--GPRS 2a -- -- -- -- -- -- --  -- -- -- -- -- -- -- --  *
-->GPRS 31 -- -- -- -- -- -- --  -- -- -- -- -- -- -- --  1
<--GPRS 00 00 00 00 20 00 00 00  20 00 00 00 00 00 00 00  .... ...  ....... 
        18 00 00 00 78 56 34 12  -- -- -- -- -- -- -- --  ....xV4 .
<--GPRS 31 -- -- -- -- -- -- --  -- -- -- -- -- -- -- --  1
-->GPRS 23 -- -- -- -- -- -- --  -- -- -- -- -- -- -- --  #
<--GPRS 00 00 00 00 20 00 00 00  20 00 00 00 00 00 00 00  .... ...  ....... 
        18 00 00 00 78 56 34 12  -- -- -- -- -- -- -- --  ....xV4 .
<--GPRS 23 -- -- -- -- -- -- --  -- -- -- -- -- -- -- --  #
-->GPRS 0d -- -- -- -- -- -- --  -- -- -- -- -- -- -- --  .
<--GPRS 00 00 00 00 20 00 00 00  20 00 00 00 00 00 00 00  .... ...  ....... 
        18 00 00 00 78 56 34 12  -- -- -- -- -- -- -- --  ....xV4 .
<--GPRS 0d 0a -- -- -- -- -- --  -- -- -- -- -- -- -- --  ..
<--GPRS 0d 0a 43 4f 4e 4e 45 43  54 0d 0a -- -- -- -- --  ..CONNE CT..
-->GPRS 7e ff 7d 23 c0 21 7d 21  7d 21 7d 20 7d 34 7d 22  ~.}#.!}! }!} }4}" 
        7d 26 7d 20 7d 20 7d 20  7d 20 7d 25 7d 26 7b 98  }&} } }  } }%}&{. 
        22 5f 7d 27 7d 22 7d 28  7d 22 aa 41 7e -- -- --  "_}'}"} (}".A~
<--GPRS 00 00 00 00 20 00 00 00  20 00 00 00 00 00 00 00  .... ...  ....... 
        18 00 00 00 78 56 34 12  -- -- -- -- -- -- -- --  ....xV4 .
<--GPRS 7e ff 7d 23 c0 21 7d 21  7d 24 7d 20 7d 2f 7d 22  ~.}#.!}! }$} }/}" 
        7d 26 7d 20 7d 20 7d 20  7d 20 7d 23 7d 25 c2 23  }&} } }  } }#}%.# 
        7d 25 5a e5 7e -- -- --  -- -- -- -- -- -- -- --  }%Z.~
-->GPRS 7e ff 7d 23 c0 21 7d 22  -- -- -- -- -- -- -- --  ~.}#.!} "
<--GPRS 7e ff 7d 23 c0 21 7d 24  7d 21 7d 20 7d 2e 7d 25  ~.}#.!}$ }!} }.}% 
        7d 26 7b 98 22 5f 7d 27  7d 22 7d 28 7d 22 53 2d  }&{."_}' }"}(}"S- 
        7e -- -- -- -- -- -- --  -- -- -- -- -- -- -- --  ~
-->GPRS 7d 24 7d 20 7d 2f 7d 22  7d 26 7d 20 7d 20 7d 20  }$} }/}" }&} } }  
        7d 20 7d 23 7d 25 c2 23  7d 25 24 3d 7e -- -- --  } }#}%. #}%$=~
<--GPRS 00 00 00 00 20 00 00 00  20 00 00 00 00 00 00 00  .... ...  ....... 
        18 00 00 00 78 56 34 12  -- -- -- -- -- -- -- --  ....xV4 .
<--GPRS 00 00 00 00 20 00 00 00  20 00 00 00 00 00 00 00  .... ...  ....... 
        18 00 00 00 78 56 34 12  -- -- -- -- -- -- -- --  ....xV4 .
<--GPRS 00 00 00 00 20 00 00 00  20 00 00 00 00 00 00 00  .... ...  ....... 
        18 00 00 00 78 56 34 12  -- -- -- -- -- -- -- --  ....xV4 .
<--GPRS 7e ff 7d 23 c0 21 7d 22  7d 22 7d 20 7d 2a 7d 22  ~.}#.!}" }"} }*}" 
        7d 26 7d 20 7d 20 7d 20  7d 20 36 d9 7e -- -- --  }&} } }  } 6.~
-->GPRS 7e ff 7d 23 c0 21 7d 21  7d 22 7d 20 7d 2a 7d 22  ~.}#.!}! }"} }*}" 
        7d 26 7d 20 7d 20 7d 20  7d 20 5f ad 7e -- -- --  }&} } }  } _.~
<--GPRS 7e ff 03 c2 23 01 02 00  06 01 00 fa 26 7e -- --  ~...#.. .....&~
-->GPRS 7e ff 03 c0 21 09 00 00  08 00 00 00 00 bb 6e 7e  ~...!... ......n~ 
-->GPRS 7e ff 03 c2 23 02 02 00  1a 10 26 98 a9 1a 1e c1  ~...#... ..&..... 
        a4 eb 91 35 37 e6 33 e5  f5 af 67 75 65 73 74 d0  ...57.3. ..guest. 
        57 7e -- -- -- -- -- --  -- -- -- -- -- -- -- --  W~
<--GPRS 00 00 00 00 20 00 00 00  20 00 00 00 00 00 00 00  .... ...  ....... 
        18 00 00 00 78 56 34 12  -- -- -- -- -- -- -- --  ....xV4 .
<--GPRS 7e ff 7d 23 c0 21 7d 27  7d 25 7d 20 7d 28 7d 20  ~.}#.!}' }%} }(}  
        7d 20 7d 20 7d 20 7d 35  ae 7e -- -- -- -- -- --  } } } } 5.~
<--GPRS 00 00 00 00 20 00 00 00  20 00 00 00 00 00 00 00  .... ...  ....... 
        18 00 00 00 78 56 34 12  -- -- -- -- -- -- -- --  ....xV4 .
<--GPRS 7e ff 03 c2 23 03 02 00  04 1d 7d 5d 7e -- -- --  ~...#.. ...}]~
-->GPRS 7e ff 03 80 fd 01 01 00  0f 1a 04 -- -- -- -- --  ~...... ....
<--GPRS 00 00 00 00 20 00 00 00  20 00 00 00 00 00 00 00  .... ...  ....... 
        18 00 00 00 78 56 34 12  -- -- -- -- -- -- -- --  ....xV4 .
-->GPRS 78 00 18 04 78 00 15 03  2f b1 cd 7e 7e ff 03 80  x...x... /..~~... 
        21 01 01 00 16 03 06 00  00 00 00 81 06 00 00 00  !....... ........ 
        00 83 06 00 00 00 00 6e  db 7e -- -- -- -- -- --  ....... n.~
<--GPRS 00 00 00 00 20 00 00 00  20 00 00 00 00 00 00 00  .... ...  ....... 
        18 00 00 00 78 56 34 12  -- -- -- -- -- -- -- --  ....xV4 .
<--GPRS 7e ff 7d 23 c0 21 7d 28  7d 26 7d 20 7d 35 80 fd  ~.}#.!}( }&} }5.. 
        7d 21 7d 21 7d 20 7d 2f  7d 3a 7d 24 78 7d 20 7d  }!}!} }/ }:}$x} } 
        38 7d 24 78 7d 20 7d 35  7d 23 2f 4b 31 7e -- --  8}$x} } 5}#/K1~
<--GPRS 7e ff 03 80 21 01 07 00  0a 03 06 a9 fe 01 01 2c  ~...!... ......., 
        43 7e -- -- -- -- -- --  -- -- -- -- -- -- -- --  C~
-->GPRS 7e ff 03 80 21 02 07 00  0a 03 06 a9 fe 01 01 45  ~...!... .......E 
        37 7e -- -- -- -- -- --  -- -- -- -- -- -- -- --  7~
<--GPRS 7e ff 03 80 21 03 01 00  16 03 06 0a a9 5a 9a 81  ~...!... .....Z.. 
        06 42 5e 09 78 83 06 42  5e 19 78 40 3a 7e -- --  .B^.x.. B^.x@:~
<--GPRS 00 00 00 00 20 00 00 00  20 00 00 00 00 00 00 00  .... ...  ....... 
        18 00 00 00 78 56 34 12  -- -- -- -- -- -- -- --  ....xV4 .
-->GPRS 7e ff 03 80 21 01 02 00  16 03 06 0a a9 5a 9a 81  ~...!... .....Z.. 
        06 42 5e 09 78 83 06 42  5e 19 78 5f 39 7e -- --  .B^.x.. B^.x_9~
<--GPRS 00 00 00 00 20 00 00 00  20 00 00 00 00 00 00 00  .... ...  ....... 
        18 00 00 00 78 56 34 12  -- -- -- -- -- -- -- --  ....xV4 .
<--GPRS 7e ff 03 80 21 02 02 00  16 03 06 0a a9 5a 9a 81  ~...!... .....Z.. 
        06 42 5e 09 78 83 06 42  5e 19 78 a9 ca 7e -- --  .B^.x.. B^.x..~
ip_modem.c:read_master(233) - Slave closed
-->GPRS 00 00 00 00 b0 00 00 00  00 00 00 00 00 c2 01 00  ........ ........ 
        00 00 00 00 00 00 00 00  78 56 34 12 -- -- -- --  ....... .xV4.
XmBlackBerry.c:FileMenuCallback(730)
XmBlackBerry.c:FileMenuCallback(735) - 24129c49 connected = True
