Modem pty:  /dev/pts/1
Initializing Modem
	Modem -> [0x1 0x0 0x0 0x0 0x0 0x0 0x0 0x0 0x78 0x56 0x34 0x12 ] [........xV4.]
	Modem -> [0x1 0x0 0x0 0x0 0x78 0x56 0x34 0x12 ] [....xV4.]
	Modem <- [0x4 0x0 0x0 0x0 0x0 0x0 0x0 0x0 0x0 0x0 0x0 0x0 0x0 0x0 0x0 0x0 ] [................]
	Modem <- [0x1 0x0 0x0 0x0 0x1c 0x0 0x0 0x0 0x78 0x56 0x34 0x12 ] [........xV4.]
No password requested.
	Modem -> [0x0 0x0 0x0 0x0 0x0 0x0 0x0 0x0 0x3 0x0 0x0 0x0 0x0 0xc2 0x1 0x0 ] [................]
	Modem -> [0x0 0x0 0x0 0x0 0x0 0x0 0x0 0x0 0x78 0x56 0x34 0x12 ] [........xV4.]
	Modem <- [0x0 0x0 0x0 0x0 0x23 0x0 0x0 0x0 0x23 0x0 0x0 0x0 0x0 0xc2 0x1 0x0 ] [....#...#.......]
	Modem <- [0x18 0x0 0x0 0x0 0x78 0x56 0x34 0x12 ] [....xV4.]
Starting Modem thread
Modem Started
Will try to start pppd now, ( /usr/sbin/pppd ) with config:  tmobile
********************************************
Modem Ready at  /dev/pts/1  Use ^C to terminate
********************************************
Starting GPRS connect script
	Modem -> [0x41 ] [A]
	Modem <- [0x41 ] [A]
	Modem -> [0x54 ] [T]
	Modem <- [0x54 ] [T]
	Modem -> [0x5a ] [Z]
	Modem <- [0x5a ] [Z]
Setting APN
ATZ	Modem -> [0xd ] [.]
	Modem <- [0xd 0xa ] [..]

	Modem <- [0xd 0xa 0x4f 0x4b 0xd 0xa ] [..OK..]

OK	Modem -> [0x41 ] [A]
	Modem <- [0x41 ] [A]
	Modem -> [0x54 ] [T]
	Modem <- [0x54 ] [T]
	Modem -> [0x2b ] [+]
	Modem <- [0x2b ] [+]
	Modem -> [0x43 ] [C]
	Modem <- [0x43 ] [C]
	Modem -> [0x47 ] [G]
	Modem <- [0x47 ] [G]
	Modem -> [0x44 ] [D]
	Modem <- [0x44 ] [D]
	Modem -> [0x43 ] [C]
	Modem <- [0x43 ] [C]
	Modem -> [0x4f ] [O]
	Modem <- [0x4f ] [O]
	Modem -> [0x4e ] [N]
	Modem <- [0x4e ] [N]
	Modem -> [0x54 ] [T]
	Modem <- [0x54 ] [T]
	Modem -> [0x3d ] [=]
	Modem <- [0x3d ] [=]
	Modem -> [0x31 ] [1]
	Modem <- [0x31 ] [1]
	Modem -> [0x2c ] [,]
	Modem <- [0x2c ] [,]
	Modem -> [0x22 ] ["]
	Modem <- [0x22 ] ["]
	Modem -> [0x49 ] [I]
	Modem <- [0x49 ] [I]
	Modem -> [0x50 ] [P]
	Modem <- [0x50 ] [P]
	Modem -> [0x22 ] ["]
	Modem <- [0x22 ] ["]
	Modem -> [0x2c ] [,]
	Modem <- [0x2c ] [,]
	Modem -> [0x22 ] ["]
	Modem <- [0x22 ] ["]
	Modem -> [0x77 ] [w]
	Modem <- [0x77 ] [w]
	Modem -> [0x61 ] [a]
	Modem <- [0x61 ] [a]
	Modem -> [0x70 ] [p]
	Modem <- [0x70 ] [p]
	Modem -> [0x2e ] [.]
	Modem <- [0x2e ] [.]
	Modem -> [0x76 ] [v]
	Modem <- [0x76 ] [v]
	Modem -> [0x6f ] [o]
	Modem <- [0x6f ] [o]
	Modem -> [0x69 ] [i]
	Modem <- [0x69 ] [i]
	Modem -> [0x63 ] [c]
	Modem <- [0x63 ] [c]
	Modem -> [0x65 ] [e]
	Modem <- [0x65 ] [e]
	Modem -> [0x73 ] [s]
	Modem <- [0x73 ] [s]
	Modem -> [0x74 ] [t]
	Modem <- [0x74 ] [t]
	Modem -> [0x72 ] [r]
	Modem <- [0x72 ] [r]
	Modem -> [0x65 ] [e]
	Modem <- [0x65 ] [e]
	Modem -> [0x61 ] [a]
	Modem <- [0x61 ] [a]
	Modem -> [0x6d ] [m]
	Modem <- [0x6d ] [m]
	Modem -> [0x2e ] [.]
	Modem <- [0x2e ] [.]
	Modem -> [0x63 ] [c]
	Modem <- [0x63 ] [c]
	Modem -> [0x6f ] [o]
	Modem <- [0x6f ] [o]
	Modem -> [0x6d ] [m]
	Modem <- [0x6d ] [m]
	Modem -> [0x22 ] ["]
	Modem <- [0x22 ] ["]
Dialing...

AT+CGDCO	Modem -> [0xd ] [.]
NT=1,"IP","wap.voicestream.com"	Modem <- [0xd 0xa ] [..]

	Modem <- [0xd 0xa 0x4f 0x4b 0xd 0xa ] [..OK..]

OK	Modem -> [0x41 ] [A]
	Modem <- [0x41 ] [A]
	Modem -> [0x54 ] [T]
	Modem <- [0x54 ] [T]
	Modem -> [0x44 ] [D]
	Modem <- [0x44 ] [D]
	Modem -> [0x2a ] [*]
	Modem <- [0x2a ] [*]
	Modem -> [0x39 ] [9]
	Modem <- [0x39 ] [9]
	Modem -> [0x39 ] [9]
	Modem <- [0x39 ] [9]
	Modem -> [0x2a ] [*]
	Modem <- [0x2a ] [*]
	Modem -> [0x2a ] [*]
	Modem <- [0x2a ] [*]
	Modem -> [0x2a ] [*]
	Modem <- [0x2a ] [*]
	Modem -> [0x31 ] [1]
	Modem <- [0x31 ] [1]
	Modem -> [0x23 ] [#]
	Modem <- [0x23 ] [#]

ATD*99***1#	Modem -> [0xd ] [.]
	Modem <- [0xd 0xa ] [..]

	Modem <- [0xd 0xa 0x43 0x4f 0x4e 0x4e 0x45 0x43 0x54 0xd 0xa ] [..CONNECT..]

CONNECT	Modem -> [0x7e ] [~]
GPRS fix: Started.
	Modem -> [0x70 ] [p]
	Modem -> [0xd ] [.]
Serial connection established.
using channel 3
Using interface ppp0
Connect: ppp0 <--> /dev/pts/1
sent [LCP ConfReq id=0x1 <asyncmap 0x0> <magic 0x9ad57c5c> <pcomp> <accomp>]
GPRS fix: Added 0x7E to Frame.
	Modem -> [0x7e 0x7e 0xff 0x7d 0x23 0xc0 0x21 0x7d 0x21 0x7d 0x21 0x7d 0x20 0x7d 0x34 0x7d ] [~~.}#.!}!}!} }4}]
	Modem -> [0x22 0x7d 0x26 0x7d 0x20 0x7d 0x20 0x7d 0x20 0x7d 0x20 0x7d 0x25 0x7d 0x26 0x9a ] ["}&} } } } }%}&.]
	Modem -> [0xd5 0x7c 0x5c 0x7d 0x27 0x7d 0x22 0x7d 0x28 0x7d 0x22 0xb0 0x55 0x7e ] [.|\}'}"}(}".U~]
	Modem <- [0x7e 0xff 0x7d 0x23 0xc0 0x21 0x7d 0x21 0x7d 0x20 0x7d 0x20 0x7d 0x2f 0x7d 0x22 ] [~.}#.!}!} } }/}"]
	Modem <- [0x7d 0x26 0x7d 0x20 0x7d 0x20 0x7d 0x20 0x7d 0x20 0x7d 0x23 0x7d 0x25 0xc2 0x23 ] [}&} } } } }#}%.#]
	Modem <- [0x7d 0x25 0xe3 0x7d 0x36 0x7e ] [}%.}6~]
rcvd [LCP ConfReq id=0x0 <asyncmap 0x0> <auth chap MD5>]
sent [LCP ConfAck id=0x0 <asyncmap 0x0> <auth chap MD5>]
	Modem -> [0x7e 0xff 0x7d 0x23 0xc0 0x21 0x7d 0x22 0x7d 0x20 0x7d 0x20 0x7d 0x2f 0x7d 0x22 ] [~.}#.!}"} } }/}"]
	Modem -> [0x7d 0x26 0x7d 0x20 0x7d 0x20 0x7d 0x20 0x7d 0x20 0x7d 0x23 0x7d 0x25 0xc2 0x23 ] [}&} } } } }#}%.#]
	Modem -> [0x7d 0x25 0x9d 0xce 0x7e ] [}%..~]
	Modem <- [0x7e 0xff 0x7d 0x23 0xc0 0x21 0x7d 0x24 0x7d 0x21 0x7d 0x20 0x7d 0x2e 0x7d 0x25 ] [~.}#.!}$}!} }.}%]
	Modem <- [0x7d 0x26 0x9a 0xd5 0x7c 0x5c 0x7d 0x27 0x7d 0x22 0x7d 0x28 0x7d 0x22 0x49 0x39 ] [}&..|\}'}"}(}"I9]
	Modem <- [0x7e ] [~]
rcvd [LCP ConfRej id=0x1 <magic 0x9ad57c5c> <pcomp> <accomp>]
sent [LCP ConfReq id=0x2 <asyncmap 0x0>]
	Modem -> [0x7e 0xff 0x7d 0x23 0xc0 0x21 0x7d 0x21 0x7d 0x22 0x7d 0x20 0x7d 0x2a 0x7d 0x22 ] [~.}#.!}!}"} }*}"]
	Modem -> [0x7d 0x26 0x7d 0x20 0x7d 0x20 0x7d 0x20 0x7d 0x20 0x5f 0xad 0x7e ] [}&} } } } _.~]
	Modem <- [0x7e 0xff 0x7d 0x23 0xc0 0x21 0x7d 0x22 0x7d 0x22 0x7d 0x20 0x7d 0x2a 0x7d 0x22 ] [~.}#.!}"}"} }*}"]
	Modem <- [0x7d 0x26 0x7d 0x20 0x7d 0x20 0x7d 0x20 0x7d 0x20 0x36 0xd9 0x7e ] [}&} } } } 6.~]
rcvd [LCP ConfAck id=0x2 <asyncmap 0x0>]
	Modem <- [0x7e 0xff 0x3 0xc2 0x23 0x1 0x1 0x0 0x6 0x1 0x0 0x36 0x3b 0x7e ] [~...#......6;~]
rcvd [CHAP Challenge id=0x1 <00>, name = ""]
sent [CHAP Response id=0x1 <4c7e4f0ec828ecfb673cb3e4856e36fa>, name = "guest"]
GPRS fix: Added 0x7E to Frame.
	Modem -> [0x7e 0xff 0x3 0xc2 0x23 0x2 0x1 0x0 0x1a 0x10 0x4c 0x7d 0x5e 0x4f 0xe 0xc8 ] [~...#.....L}^O..]
	Modem -> [0x28 0xec 0xfb 0x67 0x3c 0xb3 0xe4 0x85 0x6e 0x36 0xfa 0x67 0x75 0x65 0x73 0x74 ] [(..g<...n6.guest]
	Modem -> [0xc7 0xe7 0x7e ] [..~]
	Modem <- [0x7e 0xff 0x3 0xc2 0x23 0x3 0x1 0x0 0x4 0x79 0x92 0x7e ] [~...#....y.~]
rcvd [CHAP Success id=0x1 ""]
CHAP authentication succeeded
CHAP authentication succeeded
sent [CCP ConfReq id=0x1 <deflate 15> <deflate(old#) 15> <bsd v1 15>]
sent [IPCP ConfReq id=0x1 <addr 0.0.0.0> <ms-dns1 0.0.0.0> <ms-dns3 0.0.0.0>]
GPRS fix: Added 0x7E to Frame.
GPRS fix: Added 0x7E to Frame.
	Modem -> [0x7e 0xff 0x3 0x80 0xfd 0x1 0x1 0x0 0xf 0x1a 0x4 0x78 0x0 0x18 0x4 0x78 ] [~..........x...x]
	Modem -> [0x0 0x15 0x3 0x2f 0xb1 0xcd 0x7e 0x7e 0xff 0x3 0x80 0x21 0x1 0x1 0x0 0x16 ] [.../..~~...!....]
	Modem -> [0x3 0x6 0x0 0x0 0x0 0x0 0x81 0x6 0x0 0x0 0x0 0x0 0x83 0x6 0x0 0x0 ] [................]
	Modem -> [0x0 0x0 0x6e 0xdb 0x7e ] [..n.~]
	Modem <- [0x7e 0xff 0x7d 0x23 0xc0 0x21 0x7d 0x28 0x7d 0x21 0x7d 0x20 0x7d 0x35 0x80 0xfd ] [~.}#.!}(}!} }5..]
	Modem <- [0x7d 0x21 0x7d 0x21 0x7d 0x20 0x7d 0x2f 0x7d 0x3a 0x7d 0x24 0x78 0x7d 0x20 0x7d ] [}!}!} }/}:}$x} }]
	Modem <- [0x38 0x7d 0x24 0x78 0x7d 0x20 0x7d 0x35 0x7d 0x23 0x2f 0xcb 0x3d 0x7e ] [8}$x} }5}#/.=~]
rcvd [LCP ProtRej id=0x1 80 fd 01 01 00 0f 1a 04 78 00 18 04 78 00 15 03 2f]
Protocol-Reject for 'Compression Control Protocol' (0x80fd) received
	Modem <- [0x7e 0xff 0x3 0x80 0x21 0x1 0x2 0x0 0xa 0x3 0x6 0xa9 0xfe 0x1 0x1 0x34 ] [~...!..........4]
	Modem <- [0x31 0x7e ] [1~]
rcvd [IPCP ConfReq id=0x2 <addr 169.254.1.1>]
sent [IPCP ConfAck id=0x2 <addr 169.254.1.1>]
GPRS fix: Added 0x7E to Frame.
	Modem -> [0x7e 0xff 0x3 0x80 0x21 0x2 0x2 0x0 0xa 0x3 0x6 0xa9 0xfe 0x1 0x1 0x5d ] [~...!..........]]
	Modem -> [0x45 0x7e ] [E~]
	Modem <- [0x7e 0xff 0x3 0x80 0x21 0x3 0x1 0x0 0x16 0x3 0x6 0x19 0xe2 0x40 0xa0 0x81 ] [~...!........@..]
	Modem <- [0x6 0x42 0x5e 0x9 0x78 0x83 0x6 0x42 0x5e 0x19 0x78 0x75 0x1e 0x7e ] [.B^.x..B^.xu.~]
rcvd [IPCP ConfNak id=0x1 <addr 25.226.64.160> <ms-dns1 66.94.9.120> <ms-dns3 66.94.25.120>]
sent [IPCP ConfReq id=0x2 <addr 25.226.64.160> <ms-dns1 66.94.9.120> <ms-dns3 66.94.25.120>]
GPRS fix: Added 0x7E to Frame.
	Modem -> [0x7e 0xff 0x3 0x80 0x21 0x1 0x2 0x0 0x16 0x3 0x6 0x19 0xe2 0x40 0xa0 0x81 ] [~...!........@..]
	Modem -> [0x6 0x42 0x5e 0x9 0x78 0x83 0x6 0x42 0x5e 0x19 0x78 0x6a 0x1d 0x7e ] [.B^.x..B^.xj.~]
	Modem <- [0x7e 0xff 0x3 0x80 0x21 0x2 0x2 0x0 0x16 0x3 0x6 0x19 0xe2 0x40 0xa0 0x81 ] [~...!........@..]
	Modem <- [0x6 0x42 0x5e 0x9 0x78 0x83 0x6 0x42 0x5e 0x19 0x78 0x9c 0xee 0x7e ] [.B^.x..B^.x..~]
rcvd [IPCP ConfAck id=0x2 <addr 25.226.64.160> <ms-dns1 66.94.9.120> <ms-dns3 66.94.25.120>]
not replacing existing default route via 10.10.1.190
Cannot determine ethernet address for proxy ARP
local  IP address 25.226.64.160
remote IP address 169.254.1.1
primary   DNS address 66.94.9.120
secondary DNS address 66.94.25.120
Script /etc/ppp/ip-up started (pid 8037)
Script /etc/ppp/ip-up finished (pid 8037), status = 0x0

Shutting down on ^C
Terminating on signal 2
Connect time 2.4 minutes.
Sent 0 bytes, received 0 bytes.
Script /etc/ppp/ip-down started (pid 8083)
sent [LCP TermReq id=0x3 "User request"]
Script /etc/ppp/ip-down finished (pid 8083), status = 0x0
Modem thread Stopped
Releasing interface
bbtether completed.
thibautc@frenchie:~/bbtether/src/bbtether$ sent [LCP TermReq id=0x4 "User request"]
Connection terminated.
Modem hangup

