thibautc@frenchie:~/bbtether/src/bbtether$ sudo python bbtether.py tmobile -v tmobile
--------------------------------
BBTether  0.1p
Thibaut Colar - 2009
More infos: http://wiki.colar.net/bbtether
Use '-h' flag for more informations : 'python bbtether.py -h'.
--------------------------------

Looking for USB devices:
	Bus 005 Device 001: ID 0000:0000
	Bus 004 Device 040: ID 0fca:0004
	Bus 004 Device 001: ID 0000:0000
	Bus 003 Device 001: ID 0000:0000
	Bus 002 Device 001: ID 0000:0000
	Bus 001 Device 005: ID 045e:0039
	Bus 001 Device 004: ID 413c:2003
	Bus 001 Device 001: ID 0000:0000

Found RIM device ( Dual Mode )
	Manufacturer: Research In Motion
	Product: RIM Composite Device
	Device: 040
	VendorId: 0fca
	ProductId: 0004
	Version: 01.07
	Class: 0   0
	Protocol: 0
	Max packet size: 16
	Self Powered: 0
	Max Power: 232

	*Interface: 0
		Interface class: 255 / 1
		Interface protocol: 255
		EndPoint Pair: 0x81L / 0x2L
	-> [0x0 0x0 0x10 0x0 0x1 0xff 0x0 0x0 0xa8 0x18 0xda 0x8d 0x6c 0x2 0x0 0x0 ] [............l...]
			Not Data Pair (Read failed)
		EndPoint Pair: 0x83L / 0x4L
	-> [0x0 0x0 0x10 0x0 0x1 0xff 0x0 0x0 0xa8 0x18 0xda 0x8d 0x6c 0x2 0x0 0x0 ] [............l...]
	<- [0x0 0x0 0x10 0x0 0x2 0xff 0x0 0x0 0xa8 0x18 0xda 0x8d 0x6c 0x2 0x0 0x0 ] [............l...]
Setting interface to: 0
			Found Data endpoints:  0x83L / 0x4L
		EndPoint Pair: 0x85L / 0x6L
	-> [0x0 0x0 0x10 0x0 0x1 0xff 0x0 0x0 0xa8 0x18 0xda 0x8d 0x6c 0x2 0x0 0x0 ] [............l...]
			Not Data Pair (Read failed)
			Next endpoints: 0x85L / 0x6L
		EndPoint Pair: 0x87L / 0x8L
	-> [0x0 0x0 0x10 0x0 0x1 0xff 0x0 0x0 0xa8 0x18 0xda 0x8d 0x6c 0x2 0x0 0x0 ] [............l...]
			Not Data Pair (Read failed)

	*Interface: 1
Skipping interface (valid endpoints already found), use -i flag to force
Defaulted Modem endpoints:  0x85L / 0x6L

Increasing USB power - for charging
Waiting few seconds, for mode to change

Using Data Endpoint Pair: 0x83L / 0x4L
Using first pair after Data pair as Modem pair:  0x85L / 0x6L 

Claiming interface  0
	-> [0x0 0x0 0xc 0x0 0x5 0xff 0x0 0x0 0x0 0x0 0x4 0x0 ] [............]
	<- [0x0 0x0 0x14 0x0 0x6 0xff 0x0 0x0 0x8 0x0 0x4 0x0 0x3 0x0 0x0 0x0 ] [................]
	<- [0x49 0x9c 0x12 0x24 ] [I..$]
	-> [0x0 0x0 0xc 0x0 0x5 0xff 0x0 0x0 0x0 0x0 0x2 0x0 ] [............]
	<- [0x0 0x0 0xc4 0x1 0x6 0xff 0x0 0x0 0xb8 0x1 0x2 0x0 0xa 0x0 0x4 0x0 ] [................]
	<- [0xb8 0x1 0x0 0x0 0x1 0x17 0x2 0x5 0x3 0xd 0x0 0x84 0x52 0x49 0x4d 0x20 ] [............RIM ]
	<- [0x38 0x31 0x30 0x30 0x20 0x53 0x65 0x72 0x69 0x65 0x73 0x20 0x43 0x6f 0x6c 0x6f ] [8100 Series Colo]
	<- [0x75 0x72 0x20 0x47 0x50 0x52 0x53 0x20 0x48 0x61 0x6e 0x64 0x68 0x65 0x6c 0x64 ] [ur GPRS Handheld]
	<- [0x0 0x0 0x0 0x0 0x0 0x0 0x0 0x0 0x0 0x0 0x0 0x0 0x0 0x0 0x0 0x0 ] [................]
	<- [0x0 0x0 0x0 0x0 0x0 0x0 0x0 0x0 0x0 0x0 0x0 0x0 0x6e 0x70 0x61 0x72 ] [............npar]
	<- [0x74 0x68 0x69 0x62 0x61 0x6e 0x0 0x0 0x0 0x0 0x0 0x0 0x4a 0x75 0x6c 0x20 ] [thiban......Jul ]
	<- [0x31 0x33 0x20 0x32 0x30 0x30 0x36 0x0 0x0 0x0 0x0 0x0 0x31 0x30 0x3a 0x32 ] [13 2006.....10:2]
	<- [0x37 0x3a 0x35 0x36 0x0 0x0 0x0 0x0 0x0 0x0 0x0 0x0 0x0 0x1 0xf 0x0 ] [7:56............]
	<- [0x0 0x0 0x0 0x0 0x0 0x0 0x0 0x0 0xa4 0x0 0x0 0x0 0xa 0x0 0x0 0x0 ] [................]
	<- [0xb8 0x0 0x0 0x0 0x40 0x0 0x0 0x0 0x2 0x0 0x0 0x0 0x90 0x65 0x0 0x80 ] [....@........e..]
	<- [0x1 0x5 0x2 0xc5 0x3 0x1 0x4 0x9 0x7 0x12 0xff 0xff 0xff 0xff 0xff 0xff ] [................]
	<- [0xff 0xff 0xff 0xff 0x4a 0x56 0xbe 0x92 0xc 0x0 0x1 0x0 0x3 0xc 0x0 0x0 ] [....JV..........]
	<- [0x0 0x0 0x0 0x80 0xff 0xff 0x3f 0x80 0x3 0xc 0x0 0x1 0x0 0x0 0x0 0xd0 ] [......?.........]
	<- [0xff 0xff 0x7 0xd0 0x3 0xc 0x1 0x0 0x0 0x0 0x40 0x80 0xff 0xff 0x3f 0x82 ] [..........@...?.]
	<- [0x3 0xc 0x1 0x1 0x0 0x0 0x40 0x82 0xff 0xff 0x3f 0x84 0xe 0x10 0x0 0x0 ] [......@...?.....]
	<- [0x0 0x0 0x2 0x80 0xff 0xff 0x5 0x80 0x0 0x0 0x1 0x0 0x2 0x8 0x0 0x0 ] [................]
	<- [0x0 0x0 0x6 0x80 0x15 0x14 0x0 0x0 0x0 0x0 0x2 0x0 0xff 0xff 0x3d 0x82 ] [..............=.]
	<- [0x0 0x0 0x2 0x0 0x0 0x0 0x42 0x80 0x7 0x14 0x0 0x0 0x0 0x0 0x2 0x0 ] [......B.........]
	<- [0x0 0x0 0x42 0x82 0xff 0xff 0x33 0x84 0x0 0x0 0x2 0x0 0xc 0xc 0x0 0x0 ] [..B...3.........]
	<- [0x0 0x0 0x34 0x84 0xff 0xff 0x35 0x84 0x5 0x14 0x0 0x0 0x0 0x0 0x2 0x0 ] [..4...5.........]
	<- [0x0 0x0 0x36 0x84 0xff 0xff 0x3f 0x84 0x0 0x0 0x2 0x0 0x12 0xc 0x0 0x0 ] [..6...?.........]
	<- [0x0 0x0 0x0 0xd0 0xff 0xff 0x7 0xd0 0x9 0x8 0x0 0x0 0xe9 0x2c 0xad 0xd8 ] [.............,..]
	<- [0xff 0xff 0xff 0xff 0xff 0xff 0xff 0xff 0xff 0xff 0xff 0xff 0xff 0xff 0xff 0xff ] [................]
	<- [0xff 0xff 0xff 0xff 0xff 0xff 0xff 0xff 0xff 0xff 0xff 0xff 0xff 0xff 0xff 0xff ] [................]
	<- [0xff 0xff 0xff 0xff 0xff 0xff 0xff 0xff 0xff 0xff 0xff 0xff 0xff 0xff 0xff 0xff ] [................]
	<- [0xff 0xff 0xff 0xff 0xff 0xff 0xff 0xff 0xff 0xff 0xff 0xff 0xff 0xff 0xff 0xff ] [................]
	<- [0xff 0xff 0xff 0xff 0xff 0xff 0xff 0xff 0xff 0xff 0xff 0xff 0xff 0xff 0xff 0xff ] [................]
	<- [0xff 0xff 0xff 0xff ] [....]
Pin:  0x24129c49
Description:  RIM 8100 Series Colour GPRS Handheld

Modem pty:  /dev/pts/3
Starting Modem thread
Initializing Modem
	Modem -> [0x1 0x0 0x0 0x0 0x0 0x0 0x0 0x0 0x78 0x56 0x34 0x12 ] [........xV4.]
	Modem -> [0x1 0x0 0x0 0x0 0x0 0x0 0x0 0x0 0x78 0x56 0x34 0x12 ] [........xV4.]
	Modem -> [0x1 0x0 0x0 0x0 0x1 0x0 0x0 0x0 0x78 0x56 0x34 0x12 ] [........xV4.]
	Modem <- [0x4 0x0 0x0 0x0 0x0 0x0 0x0 0x0 0x0 0x0 0x0 0x0 0x0 0x0 0x0 0x0 ] [................]
	Modem <- [0x1 0x0 0x0 0x0 0x1c 0x0 0x0 0x0 0x78 0x56 0x34 0x12 ] [........xV4.]
Skipping RIM packet
No password requested.
	Modem -> [0x0 0x0 0x0 0x23 0x0 0x0 0x0 0x0 0x3 0x0 0x0 0x0 0x0 0xc2 0x1 0xf2 ] [...#............]
	Modem -> [0x11 0xf3 0x25 0xe6 0x92 0xae 0xad 0x8d 0x78 0x56 0x34 0x12 ] [..%.....xV4.]
Starting Modem thread
Modem Started
Will try to start pppd now, ( /usr/sbin/pppd ) with config:  tmobile
Removed stale lock on pts_3 (pid 10915)
Starting GPRS connect script
********************************************
Modem Ready at  /dev/pts/3  Use ^C to terminate
********************************************
	Modem -> [0x41 ] [A]
	Modem <- [0x41 ] [A]
	Modem <- [0x0 0x0 0x0 0x0 0x20 0x0 0x0 0x0 0x20 0x0 0x0 0x0 0x0 0x0 0x0 0x0 ] [.... ... .......]
	Modem <- [0x18 0x0 0x0 0x0 0x78 0x56 0x34 0x12 ] [....xV4.]
	Modem -> [0x54 ] [T]
	Modem <- [0x0 0x0 0x0 0x0 0x20 0x0 0x0 0x0 0x20 0x0 0x0 0x0 0x0 0x0 0x0 0x0 ] [.... ... .......]
	Modem <- [0x18 0x0 0x0 0x0 0x78 0x56 0x34 0x12 ] [....xV4.]
	Modem <- [0x54 ] [T]
	Modem -> [0x5a ] [Z]
	Modem <- [0x5a ] [Z]
	Modem <- [0x0 0x0 0x0 0x0 0x20 0x0 0x0 0x0 0x20 0x0 0x0 0x0 0x0 0x0 0x0 0x0 ] [.... ... .......]
	Modem <- [0x18 0x0 0x0 0x0 0x78 0x56 0x34 0x12 ] [....xV4.]
Setting APN
	Modem -> [0xd ] [.]
	Modem <- [0x0 0x0 0x0 0x0 0x20 0x0 0x0 0x0 0x20 0x0 0x0 0x0 0x0 0x0 0x0 0x0 ] [.... ... .......]
	Modem <- [0x18 0x0 0x0 0x0 0x78 0x56 0x34 0x12 ] [....xV4.]
	Modem <- [0xd 0xa ] [..]
	Modem <- [0xd 0xa 0x4f 0x4b 0xd 0xa ] [..OK..]
	Modem -> [0x41 ] [A]
	Modem <- [0x0 0x0 0x0 0x0 0x20 0x0 0x0 0x0 0x20 0x0 0x0 0x0 0x0 0x0 0x0 0x0 ] [.... ... .......]
	Modem <- [0x18 0x0 0x0 0x0 0x78 0x56 0x34 0x12 ] [....xV4.]
	Modem <- [0x41 ] [A]
	Modem -> [0x54 ] [T]
	Modem <- [0x54 ] [T]
	Modem <- [0x0 0x0 0x0 0x0 0x20 0x0 0x0 0x0 0x20 0x0 0x0 0x0 0x0 0x0 0x0 0x0 ] [.... ... .......]
	Modem <- [0x18 0x0 0x0 0x0 0x78 0x56 0x34 0x12 ] [....xV4.]
	Modem -> [0x2b ] [+]
	Modem <- [0x2b ] [+]
	Modem <- [0x0 0x0 0x0 0x0 0x20 0x0 0x0 0x0 0x20 0x0 0x0 0x0 0x0 0x0 0x0 0x0 ] [.... ... .......]
	Modem <- [0x18 0x0 0x0 0x0 0x78 0x56 0x34 0x12 ] [....xV4.]
	Modem -> [0x43 ] [C]
	Modem <- [0x0 0x0 0x0 0x0 0x20 0x0 0x0 0x0 0x20 0x0 0x0 0x0 0x0 0x0 0x0 0x0 ] [.... ... .......]
	Modem <- [0x18 0x0 0x0 0x0 0x78 0x56 0x34 0x12 ] [....xV4.]
	Modem <- [0x43 ] [C]
	Modem -> [0x47 ] [G]
	Modem <- [0x0 0x0 0x0 0x0 0x20 0x0 0x0 0x0 0x20 0x0 0x0 0x0 0x0 0x0 0x0 0x0 ] [.... ... .......]
	Modem <- [0x18 0x0 0x0 0x0 0x78 0x56 0x34 0x12 ] [....xV4.]
	Modem <- [0x47 ] [G]
	Modem -> [0x44 ] [D]
	Modem <- [0x0 0x0 0x0 0x0 0x20 0x0 0x0 0x0 0x20 0x0 0x0 0x0 0x0 0x0 0x0 0x0 ] [.... ... .......]
	Modem <- [0x18 0x0 0x0 0x0 0x78 0x56 0x34 0x12 ] [....xV4.]
	Modem <- [0x44 ] [D]
	Modem -> [0x43 ] [C]
	Modem <- [0x43 ] [C]
	Modem <- [0x0 0x0 0x0 0x0 0x20 0x0 0x0 0x0 0x20 0x0 0x0 0x0 0x0 0x0 0x0 0x0 ] [.... ... .......]
	Modem <- [0x18 0x0 0x0 0x0 0x78 0x56 0x34 0x12 ] [....xV4.]
	Modem -> [0x4f ] [O]
	Modem <- [0x0 0x0 0x0 0x0 0x20 0x0 0x0 0x0 0x20 0x0 0x0 0x0 0x0 0x0 0x0 0x0 ] [.... ... .......]
	Modem <- [0x18 0x0 0x0 0x0 0x78 0x56 0x34 0x12 ] [....xV4.]
	Modem <- [0x4f ] [O]
	Modem -> [0x4e ] [N]
	Modem <- [0x0 0x0 0x0 0x0 0x20 0x0 0x0 0x0 0x20 0x0 0x0 0x0 0x0 0x0 0x0 0x0 ] [.... ... .......]
	Modem <- [0x18 0x0 0x0 0x0 0x78 0x56 0x34 0x12 ] [....xV4.]
	Modem <- [0x4e ] [N]
	Modem -> [0x54 ] [T]
	Modem <- [0x0 0x0 0x0 0x0 0x20 0x0 0x0 0x0 0x20 0x0 0x0 0x0 0x0 0x0 0x0 0x0 ] [.... ... .......]
	Modem <- [0x18 0x0 0x0 0x0 0x78 0x56 0x34 0x12 ] [....xV4.]
	Modem <- [0x54 ] [T]
	Modem -> [0x3d ] [=]
	Modem <- [0x3d ] [=]
	Modem <- [0x0 0x0 0x0 0x0 0x20 0x0 0x0 0x0 0x20 0x0 0x0 0x0 0x0 0x0 0x0 0x0 ] [.... ... .......]
	Modem <- [0x18 0x0 0x0 0x0 0x78 0x56 0x34 0x12 ] [....xV4.]
	Modem -> [0x31 ] [1]
	Modem <- [0x0 0x0 0x0 0x0 0x20 0x0 0x0 0x0 0x20 0x0 0x0 0x0 0x0 0x0 0x0 0x0 ] [.... ... .......]
	Modem <- [0x18 0x0 0x0 0x0 0x78 0x56 0x34 0x12 ] [....xV4.]
	Modem <- [0x31 ] [1]
	Modem -> [0x2c ] [,]
	Modem <- [0x2c ] [,]
	Modem <- [0x0 0x0 0x0 0x0 0x20 0x0 0x0 0x0 0x20 0x0 0x0 0x0 0x0 0x0 0x0 0x0 ] [.... ... .......]
	Modem <- [0x18 0x0 0x0 0x0 0x78 0x56 0x34 0x12 ] [....xV4.]
	Modem -> [0x22 ] ["]
	Modem <- [0x22 ] ["]
	Modem <- [0x0 0x0 0x0 0x0 0x20 0x0 0x0 0x0 0x20 0x0 0x0 0x0 0x0 0x0 0x0 0x0 ] [.... ... .......]
	Modem <- [0x18 0x0 0x0 0x0 0x78 0x56 0x34 0x12 ] [....xV4.]
	Modem -> [0x49 ] [I]
	Modem <- [0x0 0x0 0x0 0x0 0x20 0x0 0x0 0x0 0x20 0x0 0x0 0x0 0x0 0x0 0x0 0x0 ] [.... ... .......]
	Modem <- [0x18 0x0 0x0 0x0 0x78 0x56 0x34 0x12 ] [....xV4.]
	Modem <- [0x49 ] [I]
	Modem -> [0x50 ] [P]
	Modem <- [0x0 0x0 0x0 0x0 0x20 0x0 0x0 0x0 0x20 0x0 0x0 0x0 0x0 0x0 0x0 0x0 ] [.... ... .......]
	Modem <- [0x18 0x0 0x0 0x0 0x78 0x56 0x34 0x12 ] [....xV4.]
	Modem <- [0x50 ] [P]
	Modem -> [0x22 ] ["]
	Modem <- [0x0 0x0 0x0 0x0 0x20 0x0 0x0 0x0 0x20 0x0 0x0 0x0 0x0 0x0 0x0 0x0 ] [.... ... .......]
	Modem <- [0x18 0x0 0x0 0x0 0x78 0x56 0x34 0x12 ] [....xV4.]
	Modem <- [0x22 ] ["]
	Modem -> [0x2c ] [,]
	Modem <- [0x0 0x0 0x0 0x0 0x20 0x0 0x0 0x0 0x20 0x0 0x0 0x0 0x0 0x0 0x0 0x0 ] [.... ... .......]
	Modem <- [0x18 0x0 0x0 0x0 0x78 0x56 0x34 0x12 ] [....xV4.]
	Modem <- [0x2c ] [,]
	Modem -> [0x22 ] ["]
	Modem <- [0x0 0x0 0x0 0x0 0x20 0x0 0x0 0x0 0x20 0x0 0x0 0x0 0x0 0x0 0x0 0x0 ] [.... ... .......]
	Modem <- [0x18 0x0 0x0 0x0 0x78 0x56 0x34 0x12 ] [....xV4.]
	Modem <- [0x22 ] ["]
	Modem -> [0x77 ] [w]
	Modem <- [0x0 0x0 0x0 0x0 0x20 0x0 0x0 0x0 0x20 0x0 0x0 0x0 0x0 0x0 0x0 0x0 ] [.... ... .......]
	Modem <- [0x18 0x0 0x0 0x0 0x78 0x56 0x34 0x12 ] [....xV4.]
	Modem <- [0x77 ] [w]
	Modem -> [0x61 ] [a]
	Modem <- [0x0 0x0 0x0 0x0 0x20 0x0 0x0 0x0 0x20 0x0 0x0 0x0 0x0 0x0 0x0 0x0 ] [.... ... .......]
	Modem <- [0x18 0x0 0x0 0x0 0x78 0x56 0x34 0x12 ] [....xV4.]
	Modem <- [0x61 ] [a]
	Modem -> [0x70 ] [p]
	Modem <- [0x0 0x0 0x0 0x0 0x20 0x0 0x0 0x0 0x20 0x0 0x0 0x0 0x0 0x0 0x0 0x0 ] [.... ... .......]
	Modem <- [0x18 0x0 0x0 0x0 0x78 0x56 0x34 0x12 ] [....xV4.]
	Modem <- [0x70 ] [p]
	Modem -> [0x2e ] [.]
	Modem <- [0x0 0x0 0x0 0x0 0x20 0x0 0x0 0x0 0x20 0x0 0x0 0x0 0x0 0x0 0x0 0x0 ] [.... ... .......]
	Modem <- [0x18 0x0 0x0 0x0 0x78 0x56 0x34 0x12 ] [....xV4.]
	Modem <- [0x2e ] [.]
	Modem -> [0x76 ] [v]
	Modem <- [0x0 0x0 0x0 0x0 0x20 0x0 0x0 0x0 0x20 0x0 0x0 0x0 0x0 0x0 0x0 0x0 ] [.... ... .......]
	Modem <- [0x18 0x0 0x0 0x0 0x78 0x56 0x34 0x12 ] [....xV4.]
	Modem <- [0x76 ] [v]
	Modem -> [0x6f ] [o]
	Modem <- [0x0 0x0 0x0 0x0 0x20 0x0 0x0 0x0 0x20 0x0 0x0 0x0 0x0 0x0 0x0 0x0 ] [.... ... .......]
	Modem <- [0x18 0x0 0x0 0x0 0x78 0x56 0x34 0x12 ] [....xV4.]
	Modem <- [0x6f ] [o]
	Modem -> [0x69 ] [i]
	Modem <- [0x0 0x0 0x0 0x0 0x20 0x0 0x0 0x0 0x20 0x0 0x0 0x0 0x0 0x0 0x0 0x0 ] [.... ... .......]
	Modem <- [0x18 0x0 0x0 0x0 0x78 0x56 0x34 0x12 ] [....xV4.]
	Modem <- [0x69 ] [i]
	Modem -> [0x63 ] [c]
	Modem <- [0x0 0x0 0x0 0x0 0x20 0x0 0x0 0x0 0x20 0x0 0x0 0x0 0x0 0x0 0x0 0x0 ] [.... ... .......]
	Modem <- [0x18 0x0 0x0 0x0 0x78 0x56 0x34 0x12 ] [....xV4.]
	Modem <- [0x63 ] [c]
	Modem -> [0x65 ] [e]
	Modem <- [0x0 0x0 0x0 0x0 0x20 0x0 0x0 0x0 0x20 0x0 0x0 0x0 0x0 0x0 0x0 0x0 ] [.... ... .......]
	Modem <- [0x18 0x0 0x0 0x0 0x78 0x56 0x34 0x12 ] [....xV4.]
	Modem <- [0x65 ] [e]
	Modem -> [0x73 ] [s]
	Modem <- [0x73 ] [s]
	Modem <- [0x0 0x0 0x0 0x0 0x20 0x0 0x0 0x0 0x20 0x0 0x0 0x0 0x0 0x0 0x0 0x0 ] [.... ... .......]
	Modem <- [0x18 0x0 0x0 0x0 0x78 0x56 0x34 0x12 ] [....xV4.]
	Modem -> [0x74 ] [t]
	Modem <- [0x0 0x0 0x0 0x0 0x20 0x0 0x0 0x0 0x20 0x0 0x0 0x0 0x0 0x0 0x0 0x0 ] [.... ... .......]
	Modem <- [0x18 0x0 0x0 0x0 0x78 0x56 0x34 0x12 ] [....xV4.]
	Modem <- [0x74 ] [t]
	Modem -> [0x72 ] [r]
	Modem <- [0x0 0x0 0x0 0x0 0x20 0x0 0x0 0x0 0x20 0x0 0x0 0x0 0x0 0x0 0x0 0x0 ] [.... ... .......]
	Modem <- [0x18 0x0 0x0 0x0 0x78 0x56 0x34 0x12 ] [....xV4.]
	Modem <- [0x72 ] [r]
	Modem -> [0x65 ] [e]
	Modem <- [0x0 0x0 0x0 0x0 0x20 0x0 0x0 0x0 0x20 0x0 0x0 0x0 0x0 0x0 0x0 0x0 ] [.... ... .......]
	Modem <- [0x18 0x0 0x0 0x0 0x78 0x56 0x34 0x12 ] [....xV4.]
	Modem <- [0x65 ] [e]
	Modem -> [0x61 ] [a]
	Modem <- [0x0 0x0 0x0 0x0 0x20 0x0 0x0 0x0 0x20 0x0 0x0 0x0 0x0 0x0 0x0 0x0 ] [.... ... .......]
	Modem <- [0x18 0x0 0x0 0x0 0x78 0x56 0x34 0x12 ] [....xV4.]
	Modem <- [0x61 ] [a]
	Modem -> [0x6d ] [m]
	Modem <- [0x0 0x0 0x0 0x0 0x20 0x0 0x0 0x0 0x20 0x0 0x0 0x0 0x0 0x0 0x0 0x0 ] [.... ... .......]
	Modem <- [0x18 0x0 0x0 0x0 0x78 0x56 0x34 0x12 ] [....xV4.]
	Modem <- [0x6d ] [m]
	Modem -> [0x2e ] [.]
	Modem <- [0x2e ] [.]
	Modem <- [0x0 0x0 0x0 0x0 0x20 0x0 0x0 0x0 0x20 0x0 0x0 0x0 0x0 0x0 0x0 0x0 ] [.... ... .......]
	Modem <- [0x18 0x0 0x0 0x0 0x78 0x56 0x34 0x12 ] [....xV4.]
	Modem -> [0x63 ] [c]
	Modem <- [0x0 0x0 0x0 0x0 0x20 0x0 0x0 0x0 0x20 0x0 0x0 0x0 0x0 0x0 0x0 0x0 ] [.... ... .......]
	Modem <- [0x18 0x0 0x0 0x0 0x78 0x56 0x34 0x12 ] [....xV4.]
	Modem <- [0x63 ] [c]
	Modem -> [0x6f ] [o]
	Modem <- [0x0 0x0 0x0 0x0 0x20 0x0 0x0 0x0 0x20 0x0 0x0 0x0 0x0 0x0 0x0 0x0 ] [.... ... .......]
	Modem <- [0x18 0x0 0x0 0x0 0x78 0x56 0x34 0x12 ] [....xV4.]
	Modem <- [0x6f ] [o]
	Modem -> [0x6d ] [m]
	Modem <- [0x6d ] [m]
	Modem <- [0x0 0x0 0x0 0x0 0x20 0x0 0x0 0x0 0x20 0x0 0x0 0x0 0x0 0x0 0x0 0x0 ] [.... ... .......]
	Modem <- [0x18 0x0 0x0 0x0 0x78 0x56 0x34 0x12 ] [....xV4.]
	Modem -> [0x22 ] ["]
	Modem <- [0x0 0x0 0x0 0x0 0x20 0x0 0x0 0x0 0x20 0x0 0x0 0x0 0x0 0x0 0x0 0x0 ] [.... ... .......]
	Modem <- [0x18 0x0 0x0 0x0 0x78 0x56 0x34 0x12 ] [....xV4.]
	Modem <- [0x22 ] ["]
Dialing...
	Modem -> [0xd ] [.]
	Modem <- [0x0 0x0 0x0 0x0 0x20 0x0 0x0 0x0 0x20 0x0 0x0 0x0 0x0 0x0 0x0 0x0 ] [.... ... .......]
	Modem <- [0x18 0x0 0x0 0x0 0x78 0x56 0x34 0x12 ] [....xV4.]
	Modem <- [0xd 0xa ] [..]
	Modem <- [0xd 0xa 0x4f 0x4b 0xd 0xa ] [..OK..]
	Modem -> [0x41 ] [A]
	Modem <- [0x0 0x0 0x0 0x0 0x20 0x0 0x0 0x0 0x20 0x0 0x0 0x0 0x0 0x0 0x0 0x0 ] [.... ... .......]
	Modem <- [0x18 0x0 0x0 0x0 0x78 0x56 0x34 0x12 ] [....xV4.]
	Modem <- [0x41 ] [A]
	Modem -> [0x54 ] [T]
	Modem <- [0x0 0x0 0x0 0x0 0x20 0x0 0x0 0x0 0x20 0x0 0x0 0x0 0x0 0x0 0x0 0x0 ] [.... ... .......]
	Modem <- [0x18 0x0 0x0 0x0 0x78 0x56 0x34 0x12 ] [....xV4.]
	Modem <- [0x54 ] [T]
	Modem -> [0x44 ] [D]
	Modem <- [0x0 0x0 0x0 0x0 0x20 0x0 0x0 0x0 0x20 0x0 0x0 0x0 0x0 0x0 0x0 0x0 ] [.... ... .......]
	Modem <- [0x18 0x0 0x0 0x0 0x78 0x56 0x34 0x12 ] [....xV4.]
	Modem <- [0x44 ] [D]
	Modem -> [0x2a ] [*]
	Modem <- [0x0 0x0 0x0 0x0 0x20 0x0 0x0 0x0 0x20 0x0 0x0 0x0 0x0 0x0 0x0 0x0 ] [.... ... .......]
	Modem <- [0x18 0x0 0x0 0x0 0x78 0x56 0x34 0x12 ] [....xV4.]
	Modem <- [0x2a ] [*]
	Modem -> [0x39 ] [9]
	Modem <- [0x0 0x0 0x0 0x0 0x20 0x0 0x0 0x0 0x20 0x0 0x0 0x0 0x0 0x0 0x0 0x0 ] [.... ... .......]
	Modem <- [0x18 0x0 0x0 0x0 0x78 0x56 0x34 0x12 ] [....xV4.]
	Modem <- [0x39 ] [9]
	Modem -> [0x39 ] [9]
	Modem <- [0x0 0x0 0x0 0x0 0x20 0x0 0x0 0x0 0x20 0x0 0x0 0x0 0x0 0x0 0x0 0x0 ] [.... ... .......]
	Modem <- [0x18 0x0 0x0 0x0 0x78 0x56 0x34 0x12 ] [....xV4.]
	Modem <- [0x39 ] [9]
	Modem -> [0x2a ] [*]
	Modem <- [0x2a ] [*]
	Modem <- [0x0 0x0 0x0 0x0 0x20 0x0 0x0 0x0 0x20 0x0 0x0 0x0 0x0 0x0 0x0 0x0 ] [.... ... .......]
	Modem <- [0x18 0x0 0x0 0x0 0x78 0x56 0x34 0x12 ] [....xV4.]
	Modem -> [0x2a ] [*]
	Modem <- [0x2a ] [*]
	Modem <- [0x0 0x0 0x0 0x0 0x20 0x0 0x0 0x0 0x20 0x0 0x0 0x0 0x0 0x0 0x0 0x0 ] [.... ... .......]
	Modem <- [0x18 0x0 0x0 0x0 0x78 0x56 0x34 0x12 ] [....xV4.]
	Modem -> [0x2a ] [*]
	Modem <- [0x0 0x0 0x0 0x0 0x20 0x0 0x0 0x0 0x20 0x0 0x0 0x0 0x0 0x0 0x0 0x0 ] [.... ... .......]
	Modem <- [0x18 0x0 0x0 0x0 0x78 0x56 0x34 0x12 ] [....xV4.]
	Modem <- [0x2a ] [*]
	Modem -> [0x31 ] [1]
	Modem <- [0x0 0x0 0x0 0x0 0x20 0x0 0x0 0x0 0x20 0x0 0x0 0x0 0x0 0x0 0x0 0x0 ] [.... ... .......]
	Modem <- [0x18 0x0 0x0 0x0 0x78 0x56 0x34 0x12 ] [....xV4.]
	Modem <- [0x31 ] [1]
	Modem -> [0x23 ] [#]
	Modem <- [0x0 0x0 0x0 0x0 0x20 0x0 0x0 0x0 0x20 0x0 0x0 0x0 0x0 0x0 0x0 0x0 ] [.... ... .......]
	Modem <- [0x18 0x0 0x0 0x0 0x78 0x56 0x34 0x12 ] [....xV4.]
	Modem <- [0x23 ] [#]
	Modem -> [0xd ] [.]
	Modem <- [0x0 0x0 0x0 0x0 0x20 0x0 0x0 0x0 0x20 0x0 0x0 0x0 0x0 0x0 0x0 0x0 ] [.... ... .......]
	Modem <- [0x18 0x0 0x0 0x0 0x78 0x56 0x34 0x12 ] [....xV4.]
	Modem <- [0xd 0xa ] [..]
	Modem <- [0xd 0xa 0x43 0x4f 0x4e 0x4e 0x45 0x43 0x54 0xd 0xa ] [..CONNECT..]
	Modem -> [0x7e ] [~]
	Modem <- [0x0 0x0 0x0 0x0 0x20 0x0 0x0 0x0 0x20 0x0 0x0 0x0 0x0 0x0 0x0 0x0 ] [.... ... .......]
	Modem <- [0x18 0x0 0x0 0x0 0x78 0x56 0x34 0x12 ] [....xV4.]
GPRS fix: Started.
	Modem -> [0x70 ] [p]
	Modem <- [0x0 0x0 0x0 0x0 0x20 0x0 0x0 0x0 0x20 0x0 0x0 0x0 0x0 0x0 0x0 0x0 ] [.... ... .......]
	Modem <- [0x18 0x0 0x0 0x0 0x78 0x56 0x34 0x12 ] [....xV4.]
	Modem -> [0xd ] [.]
Serial connection established.
using channel 78
Using interface ppp0
Connect: ppp0 <--> /dev/pts/3
	Modem <- [0x0 0x0 0x0 0x0 0x20 0x0 0x0 0x0 0x20 0x0 0x0 0x0 0x0 0x0 0x0 0x0 ] [.... ... .......]
	Modem <- [0x18 0x0 0x0 0x0 0x78 0x56 0x34 0x12 ] [....xV4.]
Skipping RIM packet
Skipping RIM packet
sent [LCP ConfReq id=0x1 <asyncmap 0x0>]
GPRS fix: Added 0x7E to Frame.
	Modem -> [0x7e 0x7e 0xff 0x7d 0x23 0xc0 0x21 0x7d 0x21 0x7d 0x21 0x7d 0x20 0x7d 0x2a 0x7d ] [~~.}#.!}!}!} }*}]
	Modem -> [0x22 0x7d 0x26 0x7d 0x20 0x7d 0x20 0x7d 0x20 0x7d 0x20 0x58 0x7b 0x7e ] ["}&} } } } X{~]
	Modem <- [0x0 0x0 0x0 0x0 0x20 0x0 0x0 0x0 0x20 0x0 0x0 0x0 0x0 0x0 0x0 0x0 ] [.... ... .......]
	Modem <- [0x18 0x0 0x0 0x0 0x78 0x56 0x34 0x12 ] [....xV4.]
	Modem <- [0x7e 0xff 0x7d 0x23 0xc0 0x21 0x7d 0x21 0x7d 0x20 0x7d 0x20 0x7d 0x2e 0x7d 0x22 ] [~.}#.!}!} } }.}"]
	Modem <- [0x7d 0x26 0x7d 0x20 0x7d 0x20 0x7d 0x20 0x7d 0x20 0x7d 0x23 0x7d 0x24 0xc0 0x23 ] [}&} } } } }#}$.#]
	Modem <- [0x7d 0x29 0xa1 0x7e ] [}).~]
	Modem <- [0x7e 0xff 0x7d 0x23 0xc0 0x21 0x7d 0x22 0x7d 0x21 0x7d 0x20 0x7d 0x2a 0x7d 0x22 ] [~.}#.!}"}!} }*}"]
	Modem <- [0x7d 0x26 0x7d 0x20 0x7d 0x20 0x7d 0x20 0x7d 0x20 0x31 0x7d 0x2f 0x7e ] [}&} } } } 1}/~]
rcvd [LCP ConfReq id=0x0 <asyncmap 0x0> <auth pap>]
sent [LCP ConfAck id=0x0 <asyncmap 0x0> <auth pap>]
	Modem -> [0x7e 0xff 0x7d 0x23 0xc0 0x21 0x7d 0x22 0x7d 0x20 0x7d 0x20 0x7d 0x2e 0x7d 0x22 ] [~.}#.!}"} } }.}"]
	Modem -> [0x7d 0x26 0x7d 0x20 0x7d 0x20 0x7d 0x20 0x7d 0x20 0x7d 0x23 0x7d 0x24 0xc0 0x23 ] [}&} } } } }#}$.#]
	Modem -> [0x37 0x22 0x7e ] [7"~]
rcvd [LCP ConfAck id=0x1 <asyncmap 0x0>]
sent [PAP AuthReq id=0x1 user="guest" password=<hidden>]
GPRS fix: Added 0x7E to Frame.
	Modem -> [0x7e 0xff 0x3 0xc0 0x23 0x1 0x1 0x0 0xc 0x5 0x67 0x75 0x65 0x73 0x74 0x1 ] [~...#.....guest.]
	Modem -> [0x2a 0xef 0x8a 0x7e ] [*..~]
	Modem <- [0x0 0x0 0x0 0x0 0x20 0x0 0x0 0x0 0x20 0x0 0x0 0x0 0x0 0x0 0x0 0x0 ] [.... ... .......]
	Modem <- [0x18 0x0 0x0 0x0 0x78 0x56 0x34 0x12 ] [....xV4.]
	Modem <- [0x0 0x0 0x0 0x0 0x20 0x0 0x0 0x0 0x20 0x0 0x0 0x0 0x0 0x0 0x0 0x0 ] [.... ... .......]
	Modem <- [0x18 0x0 0x0 0x0 0x78 0x56 0x34 0x12 ] [....xV4.]
Skipping RIM packet
Skipping RIM packet
sent [PAP AuthReq id=0x2 user="guest" password=<hidden>]
	Modem -> [0x7e 0xff 0x3 0xc0 0x23 0x1 0x2 0x0 0xc 0x5 0x67 0x75 0x65 0x73 0x74 0x1 ] [~...#.....guest.]
	Modem -> [0x2a 0x5c 0x74 0x7e ] [*\t~]
	Modem <- [0x0 0x0 0x0 0x0 0x20 0x0 0x0 0x0 0x20 0x0 0x0 0x0 0x0 0x0 0x0 0x0 ] [.... ... .......]
	Modem <- [0x18 0x0 0x0 0x0 0x78 0x56 0x34 0x12 ] [....xV4.]
Skipping RIM packet
sent [PAP AuthReq id=0x3 user="guest" password=<hidden>]
	Modem -> [0x7e 0xff 0x3 0xc0 0x23 0x1 0x3 0x0 0xc 0x5 0x67 0x75 0x65 0x73 0x74 0x1 ] [~...#.....guest.]
	Modem -> [0x2a 0xcd 0x21 0x7e ] [*.!~]
sent [PAP AuthReq id=0x4 user="guest" password=<hidden>]
	Modem -> [0x7e 0xff 0x3 0xc0 0x23 0x1 0x4 0x0 0xc 0x5 0x67 0x75 0x65 0x73 0x74 0x1 ] [~...#.....guest.]
	Modem -> [0x2a 0x2b 0x81 0x7e ] [*+.~]
sent [PAP AuthReq id=0x5 user="guest" password=<hidden>]
	Modem -> [0x7e 0xff 0x3 0xc0 0x23 0x1 0x5 0x0 0xc 0x5 0x67 0x75 0x65 0x73 0x74 0x1 ] [~...#.....guest.]
	Modem -> [0x2a 0xba 0xd4 0x7e ] [*..~]
sent [PAP AuthReq id=0x6 user="guest" password=<hidden>]
	Modem -> [0x7e 0xff 0x3 0xc0 0x23 0x1 0x6 0x0 0xc 0x5 0x67 0x75 0x65 0x73 0x74 0x1 ] [~...#.....guest.]
	Modem -> [0x2a 0x9 0x2a 0x7e ] [*.*~]

