ffff810206a6ee40 1873818901 S Bo:4:048:6 -115 28 = 00000000 00000000 03000000 00c20100 00000000 00000000 78563412
ffff810206a6ee40 1873819764 C Bo:4:048:6 0 28 >
ffff810206a6ee40 1873819815 S Bi:4:048:5 -115 1400 <
ffff810206a6ee40 1873872776 C Bi:4:048:5 -2 0
ffff810206a6ee40 1873872978 S Bo:4:048:6 -115 4 = 41545a0d
ffff810206a6ee40 1873873768 C Bo:4:048:6 0 4 >
ffff810206a6ee40 1873873820 S Bi:4:048:5 -115 1400 <
ffff810206a6ee40 1873924780 C Bi:4:048:5 -2 0
ffff810206a6ee40 1873925042 S Bo:4:048:6 -115 28 = 00000000 23000000 03000000 00c20100 42425445 54484552 78563412
ffff810206a6ee40 1873925771 C Bo:4:048:6 0 28 >
ffff810206a6ee40 1873925819 S Bi:4:048:5 -115 1400 <
ffff810206a6ee40 1873976783 C Bi:4:048:5 -2 0
ffff810206a6ee40 1873977050 S Bo:4:048:6 -115 12 = 01000000 00000000 78563412
ffff810206a6ee40 1873977772 C Bo:4:048:6 0 12 >
ffff810206a6ee40 1873977867 S Bi:4:048:5 -115 1400 <
ffff810206a6ee40 1874028787 C Bi:4:048:5 -2 0
ffff810206a6ee40 1874028991 S Bo:4:048:6 -115 12 = 01000000 00000000 78563412
ffff810206a6ee40 1874029776 C Bo:4:048:6 0 12 >
ffff810206a6ee40 1874029823 S Bi:4:048:5 -115 1400 <
ffff810206a6ee40 1874080788 C Bi:4:048:5 -2 0
ffff810206a6ee40 1874080998 S Bo:4:048:6 -115 12 = 01000000 01000000 78563412
ffff810206a6ee40 1874081780 C Bo:4:048:6 0 12 >
ffff810206a6ee40 1874081830 S Bi:4:048:5 -115 1400 <
ffff810206a6ee40 1874082783 C Bi:4:048:5 0 28 = 04000000 00000000 00000000 00000000 01000000 1c000000 78563412
ffff810206a6ee40 1874082916 S Bi:4:048:5 -115 1400 <
ffff810206a6ee40 1874136792 C Bi:4:048:5 -2 0
ffff8101f4758180 1874137023 S Bo:4:048:6 -115 28 = 00000000 00000000 03000000 00c20100 42425445 54484552 78563412
ffff8101f4758180 1874137783 C Bo:4:048:6 0 28 >
ffff8101f4758180 1874137817 S Bi:4:048:5 -115 1400 <
ffff8101f4758180 1874138788 C Bi:4:048:5 0 24 = 00000000 23000000 23000000 00c20100 18000000 78563412
ffff8101f4758180 1874138893 S Bi:4:048:5 -115 1400 <
ffff8101f4758180 1874192796 C Bi:4:048:5 -2 0
ffff810206a6ecc0 1874193150 S Bo:4:048:6 -115 28 = 00000000 23000000 03000000 00c20100 42425445 54484552 78563412
ffff810206a6ecc0 1874193785 C Bo:4:048:6 0 28 >
ffff810206a6ecc0 1874193835 S Bi:4:048:5 -115 1400 <
ffff810206a6ecc0 1874194789 C Bi:4:048:5 0 24 = 00000000 23000000 23000000 00c20100 18000000 78563412
ffff810206a6ecc0 1874194929 S Bi:4:048:5 -115 1400 <
ffff810206a6ecc0 1874248796 C Bi:4:048:5 -2 0
ffff810206a6ecc0 1874249359 S Bi:4:048:5 -115 1400 <
ffff810206a6ecc0 1874300802 C Bi:4:048:5 -2 0
ffff810206a6ecc0 1874301048 S Bi:4:048:5 -115 1400 <
ffff810206a6ecc0 1874352804 C Bi:4:048:5 -2 0
ffff810206a6ecc0 1874352955 S Bi:4:048:5 -115 1400 <
ffff810206a6ecc0 1874404805 C Bi:4:048:5 -2 0
ffff810206a6ecc0 1874404934 S Bi:4:048:5 -115 1400 <
ffff810206a6ecc0 1874456809 C Bi:4:048:5 -2 0
ffff810206a6ecc0 1874457002 S Bi:4:048:5 -115 1400 <
ffff810206a6ecc0 1874508813 C Bi:4:048:5 -2 0
ffff810206a6ecc0 1874508943 S Bi:4:048:5 -115 1400 <
ffff810206a6ecc0 1874560816 C Bi:4:048:5 -2 0
ffff810206a6ecc0 1874561151 S Bi:4:048:5 -115 1400 <
ffff810206a6ecc0 1874612819 C Bi:4:048:5 -2 0
ffff810206a6ecc0 1874612955 S Bi:4:048:5 -115 1400 <
ffff810206a6ecc0 1874664820 C Bi:4:048:5 -2 0
ffff810206a6ecc0 1874664946 S Bi:4:048:5 -115 1400 <
ffff810206a6ecc0 1874716825 C Bi:4:048:5 -2 0
ffff810206a6ecc0 1874716961 S Bi:4:048:5 -115 1400 <
ffff810206a6ecc0 1874768830 C Bi:4:048:5 -2 0
ffff810206a6ecc0 1874769763 S Bi:4:048:5 -115 1400 <
ffff810206a6ecc0 1874820831 C Bi:4:048:5 -2 0
ffff810206a6ecc0 1874820969 S Bi:4:048:5 -115 1400 <
ffff810206a6ecc0 1874872833 C Bi:4:048:5 -2 0
ffff810206a6ecc0 1874872961 S Bi:4:048:5 -115 1400 <
ffff810206a6ecc0 1874924836 C Bi:4:048:5 -2 0
ffff810206a6ecc0 1874925005 S Bi:4:048:5 -115 1400 <
ffff810206a6ecc0 1874976838 C Bi:4:048:5 -2 0
ffff810206a6ecc0 1874976970 S Bi:4:048:5 -115 1400 <
ffff810206a6ecc0 1875028842 C Bi:4:048:5 -2 0
ffff810206a6ecc0 1875028976 S Bi:4:048:5 -115 1400 <
ffff810206a6ecc0 1875080844 C Bi:4:048:5 -2 0
ffff810206a6ecc0 1875080972 S Bi:4:048:5 -115 1400 <
ffff810206a6ecc0 1875132847 C Bi:4:048:5 -2 0
ffff810206a6ecc0 1875132987 S Bi:4:048:5 -115 1400 <
ffff810206a6ecc0 1875184851 C Bi:4:048:5 -2 0
ffff810206a6ecc0 1875185041 S Bi:4:048:5 -115 1400 <
ffff810206a6ecc0 1875236853 C Bi:4:048:5 -2 0
ffff810206a6ecc0 1875237055 S Bi:4:048:5 -115 1400 <
ffff810206a6ecc0 1875288855 C Bi:4:048:5 -2 0
ffff810206a6ecc0 1875288982 S Bi:4:048:5 -115 1400 <
ffff810206a6ecc0 1875340859 C Bi:4:048:5 -2 0
ffff810206a6ecc0 1875340995 S Bi:4:048:5 -115 1400 <
ffff810206a6ecc0 1875392861 C Bi:4:048:5 -2 0
ffff810206a6ecc0 1875392977 S Bi:4:048:5 -115 1400 <
ffff810206a6ecc0 1875444865 C Bi:4:048:5 -2 0
ffff810206a6ecc0 1875444999 S Bi:4:048:5 -115 1400 <
ffff810206a6ecc0 1875496868 C Bi:4:048:5 -2 0
ffff810206a6ecc0 1875496997 S Bi:4:048:5 -115 1400 <
ffff810206a6ecc0 1875548871 C Bi:4:048:5 -2 0
ffff810206a6ecc0 1875549005 S Bi:4:048:5 -115 1400 <
ffff810206a6ecc0 1875600873 C Bi:4:048:5 -2 0
ffff810206a6ecc0 1875601003 S Bi:4:048:5 -115 1400 <
ffff810206a6ecc0 1875652876 C Bi:4:048:5 -2 0
ffff810206a6ecc0 1875653007 S Bi:4:048:5 -115 1400 <
ffff810206a6ecc0 1875704879 C Bi:4:048:5 -2 0
ffff810206a6ecc0 1875705016 S Bi:4:048:5 -115 1400 <
ffff810206a6ecc0 1875756885 C Bi:4:048:5 -2 0
ffff810206a6ecc0 1875757044 S Bi:4:048:5 -115 1400 <
ffff810210e3dcc0 1875771982 S Bo:4:048:6 -115 1 = 41
ffff810210e3dcc0 1875772876 C Bo:4:048:6 0 1 >
ffff810210e3dcc0 1875781838 S Bo:4:048:6 -115 1 = 54
ffff810210e3dcc0 1875782875 C Bo:4:048:6 0 1 >
ffff810210e3dcc0 1875791836 S Bo:4:048:6 -115 1 = 0d
ffff810206a6ecc0 1875792905 C Bi:4:048:5 0 6 = 0d0a4f4b 0d0a
ffff810210e3dcc0 1875792913 C Bo:4:048:6 0 1 >
ffff810210e3dd80 1875796316 S Bi:4:048:5 -115 1400 <
ffff810210e3dd80 1875848886 C Bi:4:048:5 -2 0
ffff810210e3dd80 1875849204 S Bi:4:048:5 -115 1400 <
ffff810210e3dcc0 1875859391 S Bo:4:048:6 -115 1 = 41
ffff810210e3dcc0 1875859879 C Bo:4:048:6 0 1 >
ffff810210e3dcc0 1875869411 S Bo:4:048:6 -115 1 = 54
ffff810210e3dcc0 1875869880 C Bo:4:048:6 0 1 >
ffff810210e3dcc0 1875879417 S Bo:4:048:6 -115 1 = 45
ffff810210e3dcc0 1875879880 C Bo:4:048:6 0 1 >
ffff810210e3dcc0 1875889516 S Bo:4:048:6 -115 1 = 30
ffff810210e3dcc0 1875889883 C Bo:4:048:6 0 1 >
ffff810210e3dcc0 1875899466 S Bo:4:048:6 -115 1 = 56
ffff810210e3dcc0 1875899883 C Bo:4:048:6 0 1 >
ffff810210e3dd80 1875900889 C Bi:4:048:5 -2 0
ffff810210e3dd80 1875900994 S Bi:4:048:5 -115 1400 <
ffff810210e3dcc0 1875909444 S Bo:4:048:6 -115 1 = 31
ffff810210e3dcc0 1875909880 C Bo:4:048:6 0 1 >
ffff810210e3dcc0 1875919558 S Bo:4:048:6 -115 1 = 0d
ffff810210e3dcc0 1875919885 C Bo:4:048:6 0 1 >
ffff810210e3dd80 1875920898 C Bi:4:048:5 0 6 = 0d0a4f4b 0d0a
ffff810210e3dd80 1875924266 S Bi:4:048:5 -115 1400 <
ffff810210e3dd80 1875976894 C Bi:4:048:5 -2 0
ffff810210e3dd80 1875977102 S Bi:4:048:5 -115 1400 <
ffff810210e3dcc0 1875987330 S Bo:4:048:6 -115 1 = 41
ffff810210e3dcc0 1875987885 C Bo:4:048:6 0 1 >
ffff810210e3dcc0 1875997388 S Bo:4:048:6 -115 1 = 54
ffff810210e3dcc0 1875997887 C Bo:4:048:6 0 1 >
ffff810210e3dcc0 1876007346 S Bo:4:048:6 -115 1 = 0d
ffff810210e3dd80 1876007892 C Bi:4:048:5 0 6 = 0d0a4f4b 0d0a
ffff810210e3dcc0 1876007896 C Bo:4:048:6 0 1 >
ffff810210e3dcc0 1876008165 S Bi:4:048:5 -115 1400 <
ffff810210e3dcc0 1876060899 C Bi:4:048:5 -2 0
ffff810210e3dcc0 1876061148 S Bi:4:048:5 -115 1400 <
ffff810210e3dd80 1876071304 S Bo:4:048:6 -115 1 = 41
ffff810210e3dd80 1876071889 C Bo:4:048:6 0 1 >
ffff810210e3dd80 1876081319 S Bo:4:048:6 -115 1 = 54
ffff810210e3dd80 1876081890 C Bo:4:048:6 0 1 >
ffff810210e3dd80 1876091356 S Bo:4:048:6 -115 1 = 2b
ffff810210e3dd80 1876091891 C Bo:4:048:6 0 1 >
ffff810210e3dd80 1876101415 S Bo:4:048:6 -115 1 = 43
ffff810210e3dd80 1876101892 C Bo:4:048:6 0 1 >
ffff810210e3dd80 1876111409 S Bo:4:048:6 -115 1 = 47
ffff810210e3dd80 1876111892 C Bo:4:048:6 0 1 >
ffff810210e3dcc0 1876112900 C Bi:4:048:5 -2 0
ffff810210e3dcc0 1876113001 S Bi:4:048:5 -115 1400 <
ffff810210e3dd80 1876122264 S Bo:4:048:6 -115 1 = 44
ffff810210e3dd80 1876122896 C Bo:4:048:6 0 1 >
ffff810210e3dd80 1876132240 S Bo:4:048:6 -115 1 = 43
ffff810210e3dd80 1876132893 C Bo:4:048:6 0 1 >
ffff810210e3dd80 1876142241 S Bo:4:048:6 -115 1 = 4f
ffff810210e3dd80 1876142893 C Bo:4:048:6 0 1 >
ffff810210e3dd80 1876152295 S Bo:4:048:6 -115 1 = 4e
ffff810210e3dd80 1876152896 C Bo:4:048:6 0 1 >
ffff810210e3dd80 1876162336 S Bo:4:048:6 -115 1 = 54
ffff810210e3dd80 1876162896 C Bo:4:048:6 0 1 >
ffff810210e3dcc0 1876164900 C Bi:4:048:5 -2 0
ffff810210e3dcc0 1876164988 S Bi:4:048:5 -115 1400 <
ffff810210e3dd80 1876172480 S Bo:4:048:6 -115 1 = 3d
ffff810210e3dd80 1876172897 C Bo:4:048:6 0 1 >
ffff810210e3dd80 1876182377 S Bo:4:048:6 -115 1 = 31
ffff810210e3dd80 1876182898 C Bo:4:048:6 0 1 >
ffff810210e3dd80 1876192669 S Bo:4:048:6 -115 1 = 2c
ffff810210e3dd80 1876192901 C Bo:4:048:6 0 1 >
ffff810210e3dd80 1876202464 S Bo:4:048:6 -115 1 = 22
ffff810210e3dd80 1876202898 C Bo:4:048:6 0 1 >
ffff810210e3dd80 1876212451 S Bo:4:048:6 -115 1 = 49
ffff810210e3dd80 1876212899 C Bo:4:048:6 0 1 >
ffff810210e3dcc0 1876216926 C Bi:4:048:5 -2 0
ffff810210e3dcc0 1876217037 S Bi:4:048:5 -115 1400 <
ffff810210e3dd80 1876222512 S Bo:4:048:6 -115 1 = 50
ffff810210e3dd80 1876222902 C Bo:4:048:6 0 1 >
ffff810210e3dd80 1876232497 S Bo:4:048:6 -115 1 = 22
ffff810210e3dd80 1876232900 C Bo:4:048:6 0 1 >
ffff810210e3dd80 1876242539 S Bo:4:048:6 -115 1 = 2c
ffff810210e3dd80 1876242902 C Bo:4:048:6 0 1 >
ffff810210e3dd80 1876252555 S Bo:4:048:6 -115 1 = 22
ffff810210e3dd80 1876252903 C Bo:4:048:6 0 1 >
ffff810210e3dd80 1876262572 S Bo:4:048:6 -115 1 = 77
ffff810210e3dd80 1876262901 C Bo:4:048:6 0 1 >
ffff810210e3dcc0 1876268908 C Bi:4:048:5 -2 0
ffff810210e3dcc0 1876269019 S Bi:4:048:5 -115 1400 <
ffff810210e3dd80 1876272572 S Bo:4:048:6 -115 1 = 61
ffff810210e3dd80 1876272901 C Bo:4:048:6 0 1 >
ffff810210e3dd80 1876282650 S Bo:4:048:6 -115 1 = 70
ffff810210e3dd80 1876282906 C Bo:4:048:6 0 1 >
ffff810210e3dd80 1876292724 S Bo:4:048:6 -115 1 = 2e
ffff810210e3dd80 1876292912 C Bo:4:048:6 0 1 >
ffff810210e3dd80 1876302655 S Bo:4:048:6 -115 1 = 76
ffff810210e3dd80 1876302904 C Bo:4:048:6 0 1 >
ffff810210e3dd80 1876312742 S Bo:4:048:6 -115 1 = 6f
ffff810210e3dd80 1876312906 C Bo:4:048:6 0 1 >
ffff810210e3dcc0 1876320909 C Bi:4:048:5 -2 0
ffff810210e3dcc0 1876320989 S Bi:4:048:5 -115 1400 <
ffff810210e3dd80 1876322757 S Bo:4:048:6 -115 1 = 69
ffff810210e3dd80 1876322905 C Bo:4:048:6 0 1 >
ffff810210e3dd80 1876332719 S Bo:4:048:6 -115 1 = 63
ffff810210e3dd80 1876332906 C Bo:4:048:6 0 1 >
ffff810210e3dd80 1876342763 S Bo:4:048:6 -115 1 = 65
ffff810210e3dd80 1876342906 C Bo:4:048:6 0 1 >
ffff810210e3dd80 1876352804 S Bo:4:048:6 -115 1 = 73
ffff810210e3dd80 1876352907 C Bo:4:048:6 0 1 >
ffff810210e3dd80 1876362806 S Bo:4:048:6 -115 1 = 74
ffff810210e3dd80 1876362907 C Bo:4:048:6 0 1 >
ffff810210e3dcc0 1876372917 C Bi:4:048:5 -2 0
ffff810210e3dcc0 1876373018 S Bi:4:048:5 -115 1400 <
ffff810210e3dd80 1876373116 S Bo:4:048:6 -115 1 = 72
ffff810210e3dd80 1876373906 C Bo:4:048:6 0 1 >
ffff810210e3dd80 1876382859 S Bo:4:048:6 -115 1 = 65
ffff810210e3dd80 1876383908 C Bo:4:048:6 0 1 >
ffff810210e3dd80 1876394337 S Bo:4:048:6 -115 1 = 61
ffff810210e3dd80 1876394911 C Bo:4:048:6 0 1 >
ffff810210e3dd80 1876404411 S Bo:4:048:6 -115 1 = 6d
ffff810210e3dd80 1876404909 C Bo:4:048:6 0 1 >
ffff810210e3dd80 1876414411 S Bo:4:048:6 -115 1 = 2e
ffff810210e3dd80 1876414909 C Bo:4:048:6 0 1 >
ffff810210e3dcc0 1876424921 C Bi:4:048:5 -2 0
ffff810210e3dcc0 1876425032 S Bi:4:048:5 -115 1400 <
ffff810210e3dd80 1876425124 S Bo:4:048:6 -115 1 = 63
ffff810210e3dd80 1876425909 C Bo:4:048:6 0 1 >
ffff810210e3dd80 1876434513 S Bo:4:048:6 -115 1 = 6f
ffff810210e3dd80 1876434914 C Bo:4:048:6 0 1 >
ffff810210e3dd80 1876444503 S Bo:4:048:6 -115 1 = 6d
ffff810210e3dd80 1876444911 C Bo:4:048:6 0 1 >
ffff810210e3dd80 1876454680 S Bo:4:048:6 -115 1 = 22
ffff810210e3dd80 1876454916 C Bo:4:048:6 0 1 >
ffff810210e3dd80 1876468511 S Bo:4:048:6 -115 1 = 0d
ffff810210e3dcc0 1876468921 C Bi:4:048:5 0 6 = 0d0a4f4b 0d0a
ffff810210e3dd80 1876468926 C Bo:4:048:6 0 1 >
ffff810133293b40 1876472216 S Bi:4:048:5 -115 1400 <
ffff810133293b40 1876525928 C Bi:4:048:5 -2 0
ffff810133293b40 1876526130 S Bi:4:048:5 -115 1400 <
ffff810210e3dd80 1876536394 S Bo:4:048:6 -115 1 = 41
ffff810210e3dd80 1876536917 C Bo:4:048:6 0 1 >
ffff810210e3dd80 1876546306 S Bo:4:048:6 -115 1 = 54
ffff810210e3dd80 1876546916 C Bo:4:048:6 0 1 >
ffff810210e3dd80 1876556381 S Bo:4:048:6 -115 1 = 53
ffff810210e3dd80 1876556920 C Bo:4:048:6 0 1 >
ffff810210e3dd80 1876566414 S Bo:4:048:6 -115 1 = 30
ffff810210e3dd80 1876566919 C Bo:4:048:6 0 1 >
ffff810210e3dd80 1876576428 S Bo:4:048:6 -115 1 = 3d
ffff810133293b40 1876576927 C Bi:4:048:5 -2 0
ffff810210e3dd80 1876576935 C Bo:4:048:6 0 1 >
ffff810133293b40 1876577043 S Bi:4:048:5 -115 1400 <
ffff810210e3dd80 1876586444 S Bo:4:048:6 -115 1 = 30
ffff810210e3dd80 1876586920 C Bo:4:048:6 0 1 >
ffff810210e3dd80 1876596495 S Bo:4:048:6 -115 1 = 0d
ffff810133293b40 1876596927 C Bi:4:048:5 0 6 = 0d0a4f4b 0d0a
ffff810210e3dd80 1876596933 C Bo:4:048:6 0 1 >
ffff8101332936c0 1876600798 S Bi:4:048:5 -115 1400 <
ffff8101332936c0 1876652933 C Bi:4:048:5 -2 0
ffff8101332936c0 1876653116 S Bi:4:048:5 -115 1400 <
ffff810210e3dd80 1876663315 S Bo:4:048:6 -115 1 = 41
ffff810210e3dd80 1876663923 C Bo:4:048:6 0 1 >
ffff810210e3dd80 1876673424 S Bo:4:048:6 -115 1 = 54
ffff810210e3dd80 1876673925 C Bo:4:048:6 0 1 >
ffff810210e3dd80 1876683455 S Bo:4:048:6 -115 1 = 45
ffff810210e3dd80 1876683926 C Bo:4:048:6 0 1 >
ffff810210e3dd80 1876693438 S Bo:4:048:6 -115 1 = 30
ffff810210e3dd80 1876693925 C Bo:4:048:6 0 1 >
ffff810210e3dd80 1876703429 S Bo:4:048:6 -115 1 = 56
ffff810210e3dd80 1876703924 C Bo:4:048:6 0 1 >
ffff8101332936c0 1876704932 C Bi:4:048:5 -2 0
ffff8101332936c0 1876705034 S Bi:4:048:5 -115 1400 <
ffff810210e3dd80 1876714237 S Bo:4:048:6 -115 1 = 31
ffff810210e3dd80 1876714928 C Bo:4:048:6 0 1 >
ffff810210e3dd80 1876724252 S Bo:4:048:6 -115 1 = 0d
ffff8101332936c0 1876724936 C Bi:4:048:5 0 6 = 0d0a4f4b 0d0a
ffff810210e3dd80 1876724943 C Bo:4:048:6 0 1 >
ffff810133293600 1876728749 S Bi:4:048:5 -115 1400 <
ffff810133293600 1876780941 C Bi:4:048:5 -2 0
ffff810133293600 1876781128 S Bi:4:048:5 -115 1400 <
ffff810210e3dd80 1876791425 S Bo:4:048:6 -115 1 = 41
ffff810210e3dd80 1876791940 C Bo:4:048:6 0 1 >
ffff810210e3dd80 1876801408 S Bo:4:048:6 -115 1 = 54
ffff810210e3dd80 1876801932 C Bo:4:048:6 0 1 >
ffff810210e3dd80 1876811457 S Bo:4:048:6 -115 1 = 0d
ffff810133293600 1876811963 C Bi:4:048:5 0 6 = 0d0a4f4b 0d0a
ffff810210e3dd80 1876811970 C Bo:4:048:6 0 1 >
ffff810133293900 1876812759 S Bi:4:048:5 -115 1400 <
ffff810133293900 1876864946 C Bi:4:048:5 -2 0
ffff810133293900 1876865133 S Bi:4:048:5 -115 1400 <
ffff810210e3dd80 1876875488 S Bo:4:048:6 -115 1 = 41
ffff810210e3dd80 1876875938 C Bo:4:048:6 0 1 >
ffff810210e3dd80 1876885493 S Bo:4:048:6 -115 1 = 54
ffff810210e3dd80 1876885946 C Bo:4:048:6 0 1 >
ffff810210e3dd80 1876895438 S Bo:4:048:6 -115 1 = 2b
ffff810210e3dd80 1876895936 C Bo:4:048:6 0 1 >
ffff810210e3dd80 1876906235 S Bo:4:048:6 -115 1 = 43
ffff810210e3dd80 1876906938 C Bo:4:048:6 0 1 >
ffff810210e3dd80 1876916394 S Bo:4:048:6 -115 1 = 47
ffff810133293900 1876916946 C Bi:4:048:5 -2 0
ffff810210e3dd80 1876916954 C Bo:4:048:6 0 1 >
ffff810133293900 1876917066 S Bi:4:048:5 -115 1400 <
ffff810210e3dd80 1876926290 S Bo:4:048:6 -115 1 = 44
ffff810210e3dd80 1876926939 C Bo:4:048:6 0 1 >
ffff810210e3dd80 1876936285 S Bo:4:048:6 -115 1 = 43
ffff810210e3dd80 1876936939 C Bo:4:048:6 0 1 >
ffff810210e3dd80 1876946296 S Bo:4:048:6 -115 1 = 4f
ffff810210e3dd80 1876946939 C Bo:4:048:6 0 1 >
ffff810210e3dd80 1876956322 S Bo:4:048:6 -115 1 = 4e
ffff810210e3dd80 1876956939 C Bo:4:048:6 0 1 >
ffff810210e3dd80 1876966330 S Bo:4:048:6 -115 1 = 54
ffff810210e3dd80 1876966941 C Bo:4:048:6 0 1 >
ffff810133293900 1876968950 C Bi:4:048:5 -2 0
ffff810133293900 1876969088 S Bi:4:048:5 -115 1400 <
ffff810210e3dd80 1876976365 S Bo:4:048:6 -115 1 = 3d
ffff810210e3dd80 1876976940 C Bo:4:048:6 0 1 >
ffff810210e3dd80 1876986393 S Bo:4:048:6 -115 1 = 31
ffff810210e3dd80 1876986942 C Bo:4:048:6 0 1 >
ffff810210e3dd80 1876996414 S Bo:4:048:6 -115 1 = 2c
ffff810210e3dd80 1876996944 C Bo:4:048:6 0 1 >
ffff810210e3dd80 1877006410 S Bo:4:048:6 -115 1 = 22
ffff810210e3dd80 1877006942 C Bo:4:048:6 0 1 >
ffff810210e3dd80 1877016478 S Bo:4:048:6 -115 1 = 49
ffff810210e3dd80 1877016944 C Bo:4:048:6 0 1 >
ffff810133293900 1877020949 C Bi:4:048:5 -2 0
ffff810210e3dd80 1877021039 S Bi:4:048:5 -115 1400 <
ffff810210e3dcc0 1877026957 S Bo:4:048:6 -115 1 = 50
ffff810210e3dcc0 1877027944 C Bo:4:048:6 0 1 >
ffff810210e3dcc0 1877036499 S Bo:4:048:6 -115 1 = 22
ffff810210e3dcc0 1877036946 C Bo:4:048:6 0 1 >
ffff810210e3dcc0 1877046484 S Bo:4:048:6 -115 1 = 2c
ffff810210e3dcc0 1877046944 C Bo:4:048:6 0 1 >
ffff810210e3dcc0 1877056495 S Bo:4:048:6 -115 1 = 22
ffff810210e3dcc0 1877056946 C Bo:4:048:6 0 1 >
ffff810210e3dcc0 1877066588 S Bo:4:048:6 -115 1 = 77
ffff810210e3dcc0 1877066948 C Bo:4:048:6 0 1 >
ffff810210e3dd80 1877072956 C Bi:4:048:5 -2 0
ffff810210e3dd80 1877073164 S Bi:4:048:5 -115 1400 <
ffff810210e3dcc0 1877076548 S Bo:4:048:6 -115 1 = 61
ffff810210e3dcc0 1877076946 C Bo:4:048:6 0 1 >
ffff810210e3dcc0 1877086559 S Bo:4:048:6 -115 1 = 70
ffff810210e3dcc0 1877086951 C Bo:4:048:6 0 1 >
ffff8101332939c0 1877096593 S Bo:4:048:6 -115 1 = 2e
ffff8101332939c0 1877096954 C Bo:4:048:6 0 1 >
ffff8101332939c0 1877106609 S Bo:4:048:6 -115 1 = 76
ffff8101332939c0 1877106951 C Bo:4:048:6 0 1 >
ffff8101332939c0 1877116584 S Bo:4:048:6 -115 1 = 6f
ffff8101332939c0 1877116949 C Bo:4:048:6 0 1 >
ffff810210e3dd80 1877124954 C Bi:4:048:5 -2 0
ffff8101332939c0 1877125064 S Bi:4:048:5 -115 1400 <
ffff810133293f00 1877126659 S Bo:4:048:6 -115 1 = 69
ffff810133293f00 1877126952 C Bo:4:048:6 0 1 >
ffff810133293f00 1877136670 S Bo:4:048:6 -115 1 = 63
ffff810133293f00 1877136951 C Bo:4:048:6 0 1 >
ffff810133293f00 1877146653 S Bo:4:048:6 -115 1 = 65
ffff810133293f00 1877146950 C Bo:4:048:6 0 1 >
ffff810133293f00 1877156731 S Bo:4:048:6 -115 1 = 73
ffff810133293f00 1877156953 C Bo:4:048:6 0 1 >
ffff810133293f00 1877166727 S Bo:4:048:6 -115 1 = 74
ffff810133293f00 1877166953 C Bo:4:048:6 0 1 >
ffff8101332939c0 1877176960 C Bi:4:048:5 -2 0
ffff8101332939c0 1877178263 S Bi:4:048:5 -115 1400 <
ffff810133293f00 1877178368 S Bo:4:048:6 -115 1 = 72
ffff810133293f00 1877178954 C Bo:4:048:6 0 1 >
ffff810133293f00 1877186782 S Bo:4:048:6 -115 1 = 65
ffff810133293f00 1877186953 C Bo:4:048:6 0 1 >
ffff810133293f00 1877196799 S Bo:4:048:6 -115 1 = 61
ffff810133293f00 1877196955 C Bo:4:048:6 0 1 >
ffff810133293f00 1877206804 S Bo:4:048:6 -115 1 = 6d
ffff810133293f00 1877206956 C Bo:4:048:6 0 1 >
ffff810133293f00 1877216887 S Bo:4:048:6 -115 1 = 2e
ffff810133293f00 1877217956 C Bo:4:048:6 0 1 >
ffff810133293f00 1877226903 S Bo:4:048:6 -115 1 = 63
ffff810133293f00 1877227957 C Bo:4:048:6 0 1 >
ffff8101332939c0 1877228961 C Bi:4:048:5 -2 0
ffff8101332939c0 1877229023 S Bi:4:048:5 -115 1400 <
ffff810133293f00 1877238306 S Bo:4:048:6 -115 1 = 6f
ffff810133293f00 1877238960 C Bo:4:048:6 0 1 >
ffff810133293f00 1877248254 S Bo:4:048:6 -115 1 = 6d
ffff810133293f00 1877248958 C Bo:4:048:6 0 1 >
ffff810133293f00 1877258247 S Bo:4:048:6 -115 1 = 22
ffff810133293f00 1877258957 C Bo:4:048:6 0 1 >
ffff8101eb56ed80 1877269541 S Bo:4:048:6 -115 1 = 0d
ffff8101332939c0 1877269969 C Bi:4:048:5 0 6 = 0d0a4f4b 0d0a
ffff8101eb56ed80 1877269975 C Bo:4:048:6 0 1 >
ffff8101eb56ed80 1877272210 S Bi:4:048:5 -115 1400 <
ffff8101eb56ed80 1877324970 C Bi:4:048:5 -2 0
ffff8101eb56ed80 1877325183 S Bi:4:048:5 -115 1400 <
ffff8101eb56e840 1877335480 S Bo:4:048:6 -115 1 = 41
ffff8101eb56e840 1877335963 C Bo:4:048:6 0 1 >
ffff8101eb56e840 1877345430 S Bo:4:048:6 -115 1 = 54
ffff8101eb56e840 1877345962 C Bo:4:048:6 0 1 >
ffff8101eb56e840 1877355422 S Bo:4:048:6 -115 1 = 44
ffff8101eb56e840 1877355962 C Bo:4:048:6 0 1 >
ffff8101eb56e840 1877366245 S Bo:4:048:6 -115 1 = 2a
ffff8101eb56e840 1877366966 C Bo:4:048:6 0 1 >
ffff8101eb56ed80 1877376970 C Bi:4:048:5 -2 0
ffff8101eb56ed80 1877377082 S Bi:4:048:5 -115 1400 <
ffff8101eb56e840 1877377152 S Bo:4:048:6 -115 1 = 39
ffff8101eb56e840 1877377963 C Bo:4:048:6 0 1 >
ffff8101eb56e840 1877386282 S Bo:4:048:6 -115 1 = 39
ffff8101eb56e840 1877386964 C Bo:4:048:6 0 1 >
ffff8101eb56e840 1877396329 S Bo:4:048:6 -115 1 = 2a
ffff8101eb56e840 1877396966 C Bo:4:048:6 0 1 >
ffff8101eb56e840 1877406319 S Bo:4:048:6 -115 1 = 2a
ffff8101eb56e840 1877406966 C Bo:4:048:6 0 1 >
ffff8101eb56e840 1877416355 S Bo:4:048:6 -115 1 = 31
ffff8101eb56e840 1877416966 C Bo:4:048:6 0 1 >
ffff8101eb56e840 1877426342 S Bo:4:048:6 -115 1 = 23
ffff8101eb56e840 1877426968 C Bo:4:048:6 0 1 >
ffff8101eb56ed80 1877428977 C Bi:4:048:5 -2 0
ffff8101eb56ed80 1877429172 S Bi:4:048:5 -115 1400 <
ffff8101eb56e840 1877436406 S Bo:4:048:6 -115 1 = 0d
ffff8101eb56ed80 1877436974 C Bi:4:048:5 0 11 = 0d0a434f 4e4e4543 540d0a
ffff8101eb56e840 1877436980 C Bo:4:048:6 0 1 >
ffff8101eb56e840 1877440617 S Bi:4:048:5 -115 1400 <
ffff8101eb56e840 1877492980 C Bi:4:048:5 -2 0
ffff8101eb56e840 1877493285 S Bi:4:048:5 -115 1400 <
ffff8101eb56ed80 1877503405 S Bo:4:048:6 -115 1 = 7e
ffff8101eb56ed80 1877503971 C Bo:4:048:6 0 1 >
ffff8101eb56ed80 1877513426 S Bo:4:048:6 -115 1 = 70
ffff8101eb56ed80 1877513973 C Bo:4:048:6 0 1 >
ffff8101eb56ed80 1877523445 S Bo:4:048:6 -115 1 = 0d
ffff8101eb56ed80 1877523972 C Bo:4:048:6 0 1 >
ffff8101eb56e840 1877544982 C Bi:4:048:5 -2 0
ffff8101eb56e840 1877545195 S Bi:4:048:5 -115 1400 <
ffff8101eb56e840 1877596985 C Bi:4:048:5 -2 0
ffff8101eb56e840 1877597195 S Bi:4:048:5 -115 1400 <
ffff8101eb56e840 1877648987 C Bi:4:048:5 -2 0
ffff8101eb56e840 1877649195 S Bi:4:048:5 -115 1400 <
ffff8101eb56e840 1877700991 C Bi:4:048:5 -2 0
ffff8101eb56e840 1877701127 S Bi:4:048:5 -115 1400 <
ffff8101eb56e840 1877752993 C Bi:4:048:5 -2 0
ffff8101eb56e840 1877753131 S Bi:4:048:5 -115 1400 <
ffff8101eb56e840 1877804997 C Bi:4:048:5 -2 0
ffff8101eb56e840 1877805137 S Bi:4:048:5 -115 1400 <
ffff8101eb56e840 1877856997 C Bi:4:048:5 -2 0
ffff8101eb56e840 1877857133 S Bi:4:048:5 -115 1400 <
ffff8101eb56e840 1877909000 C Bi:4:048:5 -2 0
ffff8101eb56e840 1877909137 S Bi:4:048:5 -115 1400 <
ffff8101eb56e840 1877961003 C Bi:4:048:5 -2 0
ffff8101eb56e840 1877961140 S Bi:4:048:5 -115 1400 <
ffff8101eb56e840 1878013008 C Bi:4:048:5 -2 0
ffff8101eb56e840 1878013140 S Bi:4:048:5 -115 1400 <
ffff8101eb56e840 1878065013 C Bi:4:048:5 -2 0
ffff8101eb56e840 1878065154 S Bi:4:048:5 -115 1400 <
ffff8101eb56e840 1878117014 C Bi:4:048:5 -2 0
ffff8101eb56e840 1878117399 S Bi:4:048:5 -115 1400 <
ffff8101eb56e840 1878169016 C Bi:4:048:5 -2 0
ffff8101eb56e840 1878169223 S Bi:4:048:5 -115 1400 <
ffff8101eb56e840 1878221019 C Bi:4:048:5 -2 0
ffff8101eb56e840 1878221229 S Bi:4:048:5 -115 1400 <
ffff8101eb56e840 1878273023 C Bi:4:048:5 -2 0
ffff8101eb56e840 1878273229 S Bi:4:048:5 -115 1400 <
ffff8101eb56e840 1878325025 C Bi:4:048:5 -2 0
ffff8101eb56e840 1878325232 S Bi:4:048:5 -115 1400 <
ffff8101eb56e840 1878377029 C Bi:4:048:5 -2 0
ffff8101eb56e840 1878377233 S Bi:4:048:5 -115 1400 <
ffff8101eb56e840 1878429031 C Bi:4:048:5 -2 0
ffff8101eb56e840 1878429237 S Bi:4:048:5 -115 1400 <
ffff8101eb56e840 1878481034 C Bi:4:048:5 -2 0
ffff8101eb56e840 1878481241 S Bi:4:048:5 -115 1400 <
ffff8101eb56ed80 1878525373 S Bo:4:048:6 -115 37 = 7eff7d23 c0217d21 7d217d20 7d2e7d22 7d267d20 7d207d20 7d207d27 7d227d28
ffff8101eb56e840 1878526035 C Bi:4:048:5 0 36 = 7eff7d23 c0217d21 7d207d20 7d2e7d22 7d267d20 7d207d20 7d207d23 7d24c023
ffff8101eb56ed80 1878526041 C Bo:4:048:6 0 37 >
ffff8101eb56ed80 1878528284 S Bi:4:048:5 -115 1400 <
ffff8101eb56ed80 1878529034 C Bi:4:048:5 0 25 = 7eff7d23 c0217d24 7d217d20 7d287d27 7d227d28 7d22f844 7e
ffff8101eb56ed80 1878529173 S Bi:4:048:5 -115 1400 <
ffff8101eb56ed80 1878581040 C Bi:4:048:5 -2 0
ffff810133af69c0 1878581401 S Bi:4:048:5 -115 1400 <
ffff8100896e19c0 1878581960 S Bo:4:048:6 -115 64 = 7eff7d23 c0217d22 7d207d20 7d2e7d22 7d267d20 7d207d20 7d207d23 7d24c023
ffff8100896e19c0 1878583032 C Bo:4:048:6 0 64 >
ffff810133af69c0 1878633043 C Bi:4:048:5 -2 0
ffff810133af69c0 1878633160 S Bi:4:048:5 -115 1400 <
ffff810133af69c0 1878685045 C Bi:4:048:5 -2 0
ffff810133af69c0 1878685157 S Bi:4:048:5 -115 1400 <
ffff810133af69c0 1878737047 C Bi:4:048:5 -2 0
ffff810133af69c0 1878737160 S Bi:4:048:5 -115 1400 <
ffff810133af69c0 1878789051 C Bi:4:048:5 -2 0
ffff810133af69c0 1878789159 S Bi:4:048:5 -115 1400 <
ffff810133af69c0 1878841055 C Bi:4:048:5 -2 0
ffff810133af69c0 1878841173 S Bi:4:048:5 -115 1400 <
ffff810133af69c0 1878893058 C Bi:4:048:5 -2 0
ffff810133af69c0 1878893179 S Bi:4:048:5 -115 1400 <
ffff810133af69c0 1878945060 C Bi:4:048:5 -2 0
ffff81000bf38b40 1878945201 S Bi:4:048:5 -115 1400 <
ffff81000bf38b40 1878997062 C Bi:4:048:5 -2 0
ffff81000bf38b40 1878997260 S Bi:4:048:5 -115 1400 <
ffff81000bf38b40 1879049065 C Bi:4:048:5 -2 0
ffff81000bf38b40 1879049202 S Bi:4:048:5 -115 1400 <
ffff81000bf38b40 1879101069 C Bi:4:048:5 -2 0
ffff81000bf38b40 1879101205 S Bi:4:048:5 -115 1400 <
ffff81000bf38b40 1879153072 C Bi:4:048:5 -2 0
ffff81000bf38b40 1879153394 S Bi:4:048:5 -115 1400 <
ffff81000bf38b40 1879205075 C Bi:4:048:5 -2 0
ffff81000bf38b40 1879205497 S Bi:4:048:5 -115 1400 <
ffff81000bf38b40 1879257077 C Bi:4:048:5 -2 0
ffff81000bf38b40 1879257215 S Bi:4:048:5 -115 1400 <
ffff81000bf38b40 1879309081 C Bi:4:048:5 -2 0
ffff81000bf38b40 1879309218 S Bi:4:048:5 -115 1400 <
ffff81000bf38b40 1879361081 C Bi:4:048:5 -2 0
ffff81000bf38b40 1879361218 S Bi:4:048:5 -115 1400 <
ffff81000bf38b40 1879413086 C Bi:4:048:5 -2 0
ffff81000bf38b40 1879413226 S Bi:4:048:5 -115 1400 <
ffff81000bf38b40 1879465088 C Bi:4:048:5 -2 0
ffff81000bf38b40 1879465224 S Bi:4:048:5 -115 1400 <
ffff81000bf38b40 1879517092 C Bi:4:048:5 -2 0
ffff81000bf38b40 1879517232 S Bi:4:048:5 -115 1400 <
ffff81000bf38b40 1879569094 C Bi:4:048:5 -2 0
ffff81000bf38b40 1879569230 S Bi:4:048:5 -115 1400 <
ffff81000bf38b40 1879621097 C Bi:4:048:5 -2 0
ffff81000bf38b40 1879621232 S Bi:4:048:5 -115 1400 <
ffff81000bf38b40 1879673101 C Bi:4:048:5 -2 0
ffff81000bf38b40 1879673237 S Bi:4:048:5 -115 1400 <
ffff81000bf38b40 1879725103 C Bi:4:048:5 -2 0
ffff81000bf38b40 1879725238 S Bi:4:048:5 -115 1400 <
ffff81000bf38b40 1879777106 C Bi:4:048:5 -2 0
ffff81000bf38b40 1879777246 S Bi:4:048:5 -115 1400 <
ffff81000bf38b40 1879829108 C Bi:4:048:5 -2 0
ffff810133af6240 1879829229 S Bi:4:048:5 -115 1400 <
ffff810133af6240 1879881115 C Bi:4:048:5 -2 0
ffff810133af6240 1879881231 S Bi:4:048:5 -115 1400 <
ffff810133af6240 1879933115 C Bi:4:048:5 -2 0
ffff810133af6240 1879933220 S Bi:4:048:5 -115 1400 <
ffff810133af6240 1879985118 C Bi:4:048:5 -2 0
ffff810133af6240 1879985228 S Bi:4:048:5 -115 1400 <
ffff810133af6240 1880037122 C Bi:4:048:5 -2 0
ffff810133af6240 1880037225 S Bi:4:048:5 -115 1400 <
ffff810133af6240 1880089125 C Bi:4:048:5 -2 0
ffff810133af6240 1880089235 S Bi:4:048:5 -115 1400 <
ffff810133af6240 1880141127 C Bi:4:048:5 -2 0
ffff810133af6240 1880141241 S Bi:4:048:5 -115 1400 <
ffff810133af6240 1880193130 C Bi:4:048:5 -2 0
ffff810133af6240 1880193227 S Bi:4:048:5 -115 1400 <
ffff810133af6240 1880245133 C Bi:4:048:5 -2 0
ffff810133af6240 1880245249 S Bi:4:048:5 -115 1400 <
ffff810133af6240 1880297137 C Bi:4:048:5 -2 0
ffff810133af6240 1880297252 S Bi:4:048:5 -115 1400 <
ffff810133af6240 1880349140 C Bi:4:048:5 -2 0
ffff810133af6240 1880349257 S Bi:4:048:5 -115 1400 <
ffff810133af6240 1880401142 C Bi:4:048:5 -2 0
ffff810133af6240 1880401251 S Bi:4:048:5 -115 1400 <
ffff810133af6240 1880453147 C Bi:4:048:5 -2 0
ffff810133af6240 1880453274 S Bi:4:048:5 -115 1400 <
ffff810133af6240 1880505148 C Bi:4:048:5 -2 0
ffff810133af6240 1880505257 S Bi:4:048:5 -115 1400 <
ffff810133af6240 1880557151 C Bi:4:048:5 -2 0
ffff810133af6240 1880557267 S Bi:4:048:5 -115 1400 <
ffff810133af6240 1880609152 C Bi:4:048:5 -2 0
ffff810133af6240 1880609268 S Bi:4:048:5 -115 1400 <
ffff810133af6240 1880661157 C Bi:4:048:5 -2 0
ffff810133af6240 1880661268 S Bi:4:048:5 -115 1400 <
ffff810133af6240 1880713159 C Bi:4:048:5 -2 0
ffff810133af6240 1880713258 S Bi:4:048:5 -115 1400 <
ffff810133af6240 1880765163 C Bi:4:048:5 -2 0
ffff810133af6240 1880765271 S Bi:4:048:5 -115 1400 <
ffff810133af6240 1880817165 C Bi:4:048:5 -2 0
ffff810133af6240 1880817280 S Bi:4:048:5 -115 1400 <
ffff810133af6240 1880869168 C Bi:4:048:5 -2 0
ffff810133af6240 1880869287 S Bi:4:048:5 -115 1400 <
ffff810133af6240 1880921171 C Bi:4:048:5 -2 0
ffff810133af6240 1880921288 S Bi:4:048:5 -115 1400 <
ffff810133af6240 1880973173 C Bi:4:048:5 -2 0
ffff810133af6240 1880973290 S Bi:4:048:5 -115 1400 <
ffff810133af6240 1881025177 C Bi:4:048:5 -2 0
ffff810133af6240 1881025281 S Bi:4:048:5 -115 1400 <
ffff810133af6240 1881077179 C Bi:4:048:5 -2 0
ffff810133af6240 1881077297 S Bi:4:048:5 -115 1400 <
ffff810133af6240 1881129182 C Bi:4:048:5 -2 0
ffff810133af6240 1881129293 S Bi:4:048:5 -115 1400 <
ffff810133af6240 1881181185 C Bi:4:048:5 -2 0
ffff810133af6240 1881181299 S Bi:4:048:5 -115 1400 <
ffff810133af6240 1881233189 C Bi:4:048:5 -2 0
ffff810133af6240 1881233301 S Bi:4:048:5 -115 1400 <
ffff810133af6240 1881285191 C Bi:4:048:5 -2 0
ffff810133af6240 1881285304 S Bi:4:048:5 -115 1400 <
ffff810133af6240 1881337194 C Bi:4:048:5 -2 0
ffff810133af6240 1881337309 S Bi:4:048:5 -115 1400 <
ffff810133af6240 1881389197 C Bi:4:048:5 -2 0
ffff810133af6240 1881389315 S Bi:4:048:5 -115 1400 <
ffff810133af6240 1881441198 C Bi:4:048:5 -2 0
ffff810133af6240 1881441306 S Bi:4:048:5 -115 1400 <
ffff810133af6240 1881493201 C Bi:4:048:5 -2 0
ffff810133af6240 1881493315 S Bi:4:048:5 -115 1400 <
ffff810133af6240 1881527201 C Bi:4:048:5 0 35 = 7eff7d23 c0217d21 7d217d20 7d2e7d22 7d267d20 7d207d20 7d207d23 7d24c023
ffff810133af6240 1881528820 S Bi:4:048:5 -115 1400 <
ffff810133af6240 1881581207 C Bi:4:048:5 -2 0
ffff8101df27e840 1881581457 S Bi:4:048:5 -115 1400 <
ffff8101df27e6c0 1881582242 S Bo:4:048:6 -115 64 = 7eff7d23 c0217d21 7d227d20 7d2a7d22 7d267d20 7d207d20 7d205fad 7e7eff7d
ffff8101df27e6c0 1881583196 C Bo:4:048:6 0 64 >
ffff8101df27e840 1881633208 C Bi:4:048:5 -2 0
ffff8101df27e840 1881633345 S Bi:4:048:5 -115 1400 <
ffff8101df27e840 1881685212 C Bi:4:048:5 -2 0
ffff8101df27e840 1881685355 S Bi:4:048:5 -115 1400 <
ffff8101df27e840 1881737213 C Bi:4:048:5 -2 0
ffff8101df27e840 1881737343 S Bi:4:048:5 -115 1400 <
ffff8101df27e840 1881790218 C Bi:4:048:5 -2 0
ffff8101df27e840 1881790368 S Bi:4:048:5 -115 1400 <
ffff8101df27e840 1881841231 C Bi:4:048:5 -2 0
ffff8101df27e840 1881841376 S Bi:4:048:5 -115 1400 <
ffff8101df27e840 1881893234 C Bi:4:048:5 -2 0
ffff8101df27e840 1881893376 S Bi:4:048:5 -115 1400 <
ffff8101df27e840 1881944227 C Bi:4:048:5 -2 0
ffff8101df27e840 1881944358 S Bi:4:048:5 -115 1400 <
ffff8101df27e840 1881996230 C Bi:4:048:5 -2 0
ffff8101df27e840 1881996432 S Bi:4:048:5 -115 1400 <
ffff8101df27e840 1882048233 C Bi:4:048:5 -2 0
ffff8101df27e840 1882048368 S Bi:4:048:5 -115 1400 <
ffff8101df27e840 1882100235 C Bi:4:048:5 -2 0
ffff8101df27e840 1882100366 S Bi:4:048:5 -115 1400 <
ffff8101df27e840 1882152239 C Bi:4:048:5 -2 0
ffff8101df27e840 1882152377 S Bi:4:048:5 -115 1400 <
ffff8101df27e840 1882204330 C Bi:4:048:5 -2 0
ffff8101df27e840 1882204466 S Bi:4:048:5 -115 1400 <
ffff8101df27e840 1882256245 C Bi:4:048:5 -2 0
ffff8101df27e840 1882256379 S Bi:4:048:5 -115 1400 <
ffff8101df27e840 1882308247 C Bi:4:048:5 -2 0
ffff8101df27e840 1882308379 S Bi:4:048:5 -115 1400 <
ffff8101df27e840 1882360250 C Bi:4:048:5 -2 0
ffff8101df27e840 1882360386 S Bi:4:048:5 -115 1400 <
ffff8101df27e840 1882412252 C Bi:4:048:5 -2 0
ffff8101df27e840 1882412388 S Bi:4:048:5 -115 1400 <
ffff8101df27e840 1882464256 C Bi:4:048:5 -2 0
ffff8101df27e840 1882464393 S Bi:4:048:5 -115 1400 <
ffff8101df27e840 1882516258 C Bi:4:048:5 -2 0
ffff8101df27e840 1882516410 S Bi:4:048:5 -115 1400 <
ffff8101df27e840 1882568262 C Bi:4:048:5 -2 0
ffff8101df27e840 1882568397 S Bi:4:048:5 -115 1400 <
ffff8101df27e840 1882620265 C Bi:4:048:5 -2 0
ffff8101df27e840 1882620396 S Bi:4:048:5 -115 1400 <
ffff8101df27e840 1882672268 C Bi:4:048:5 -2 0
ffff8101df27e840 1882672403 S Bi:4:048:5 -115 1400 <
ffff8101df27e840 1882724289 C Bi:4:048:5 -2 0
ffff8101df27e840 1882724426 S Bi:4:048:5 -115 1400 <
ffff8101df27e840 1882776273 C Bi:4:048:5 -2 0
ffff8101df27e840 1882776436 S Bi:4:048:5 -115 1400 <
ffff8101df27e840 1882828275 C Bi:4:048:5 -2 0
ffff8101df27e840 1882828406 S Bi:4:048:5 -115 1400 <
ffff8101df27e840 1882880279 C Bi:4:048:5 -2 0
ffff8101df27e840 1882880416 S Bi:4:048:5 -115 1400 <
ffff8101df27e840 1882932282 C Bi:4:048:5 -2 0
ffff8101df27e840 1882932419 S Bi:4:048:5 -115 1400 <
ffff8101df27e840 1882984285 C Bi:4:048:5 -2 0
ffff8101df27e840 1882984426 S Bi:4:048:5 -115 1400 <
ffff8101df27e840 1883036287 C Bi:4:048:5 -2 0
ffff8101df27e840 1883036417 S Bi:4:048:5 -115 1400 <
ffff8101df27e840 1883088290 C Bi:4:048:5 -2 0
ffff8101df27e840 1883088425 S Bi:4:048:5 -115 1400 <
ffff8101df27e840 1883141293 C Bi:4:048:5 -2 0
ffff8101df27e840 1883141422 S Bi:4:048:5 -115 1400 <
ffff8101df27e840 1883192296 C Bi:4:048:5 -2 0
ffff8101df27e840 1883192429 S Bi:4:048:5 -115 1400 <
ffff8101df27e840 1883244299 C Bi:4:048:5 -2 0
ffff8101fae91300 1883244434 S Bi:4:048:5 -115 1400 <
ffff8101fae91300 1883296302 C Bi:4:048:5 -2 0
ffff8101fae91300 1883296437 S Bi:4:048:5 -115 1400 <
ffff8101fae91300 1883348305 C Bi:4:048:5 -2 0
ffff8101fae91300 1883348436 S Bi:4:048:5 -115 1400 <
ffff8101fae91300 1883400309 C Bi:4:048:5 -2 0
ffff8101fae91300 1883400446 S Bi:4:048:5 -115 1400 <
ffff8101fae91300 1883452310 C Bi:4:048:5 -2 0
ffff8101fae91300 1883452446 S Bi:4:048:5 -115 1400 <
ffff8101fae91300 1883504314 C Bi:4:048:5 -2 0
ffff8101fae91300 1883504451 S Bi:4:048:5 -115 1400 <
ffff8101fae91300 1883557318 C Bi:4:048:5 -2 0
ffff8101fae91300 1883557454 S Bi:4:048:5 -115 1400 <
ffff8101fae91300 1883608319 C Bi:4:048:5 -2 0
ffff8101fae91300 1883608452 S Bi:4:048:5 -115 1400 <
ffff8101fae91300 1883660322 C Bi:4:048:5 -2 0
ffff8101fae91300 1883660458 S Bi:4:048:5 -115 1400 <
ffff8101fae91300 1883712325 C Bi:4:048:5 -2 0
ffff8101fae91300 1883712456 S Bi:4:048:5 -115 1400 <
ffff8101fae91300 1883764328 C Bi:4:048:5 -2 0
ffff8101fae91300 1883764464 S Bi:4:048:5 -115 1400 <
ffff8101fae91300 1883816331 C Bi:4:048:5 -2 0
ffff8101fae91300 1883816463 S Bi:4:048:5 -115 1400 <
ffff8101fae91300 1883868335 C Bi:4:048:5 -2 0
ffff8101fae91300 1883868473 S Bi:4:048:5 -115 1400 <
ffff8101fae91300 1883921339 C Bi:4:048:5 -2 0
ffff810133af6d80 1883921446 S Bi:4:048:5 -115 1400 <
ffff810133af6d80 1883973339 C Bi:4:048:5 -2 0
ffff810133af6d80 1883973442 S Bi:4:048:5 -115 1400 <
ffff810133af6d80 1884033342 C Bi:4:048:5 -2 0
ffff8101fae919c0 1884033464 S Bi:4:048:5 -115 1400 <
ffff8101fae919c0 1884084434 C Bi:4:048:5 -2 0
ffff8101fae919c0 1884084575 S Bi:4:048:5 -115 1400 <
ffff8101fae919c0 1884136349 C Bi:4:048:5 -2 0
ffff8101fae919c0 1884136485 S Bi:4:048:5 -115 1400 <
ffff8101fae919c0 1884188352 C Bi:4:048:5 -2 0
ffff8101fae919c0 1884188486 S Bi:4:048:5 -115 1400 <
ffff8101fae919c0 1884241355 C Bi:4:048:5 -2 0
ffff8101fae919c0 1884241491 S Bi:4:048:5 -115 1400 <
ffff8101fae919c0 1884292358 C Bi:4:048:5 -2 0
ffff8101fae919c0 1884292494 S Bi:4:048:5 -115 1400 <
ffff8101fae919c0 1884344361 C Bi:4:048:5 -2 0
ffff8101fae919c0 1884344571 S Bi:4:048:5 -115 1400 <
ffff8101fae919c0 1884396364 C Bi:4:048:5 -2 0
ffff8101fae919c0 1884396501 S Bi:4:048:5 -115 1400 <
ffff8101fae919c0 1884449366 C Bi:4:048:5 -2 0
ffff8101fae919c0 1884449510 S Bi:4:048:5 -115 1400 <
ffff8101fae919c0 1884501369 C Bi:4:048:5 -2 0
ffff810133af6180 1884501499 S Bi:4:048:5 -115 1400 <
ffff810133af6180 1884527371 C Bi:4:048:5 0 35 = 7eff7d23 c0217d21 7d227d20 7d2e7d22 7d267d20 7d207d20 7d207d23 7d24c023
ffff810133af6180 1884528825 S Bi:4:048:5 -115 1400 <
ffff810133af6180 1884581374 C Bi:4:048:5 -2 0
ffff810133af6180 1884581568 S Bi:4:048:5 -115 1400 <
ffff8101fae916c0 1884582183 S Bo:4:048:6 -115 64 = 7eff7d23 c0217d22 7d227d20 7d2e7d22 7d267d20 7d207d20 7d207d23 7d24c023
ffff8101fae916c0 1884582364 C Bo:4:048:6 0 64 >
ffff810133af6180 1884633378 C Bi:4:048:5 -2 0
ffff810133af6180 1884633496 S Bi:4:048:5 -115 1400 <
ffff810133af6180 1884685381 C Bi:4:048:5 -2 0
ffff810133af6180 1884685498 S Bi:4:048:5 -115 1400 <
ffff810133af6180 1884736384 C Bi:4:048:5 -2 0
ffff810133af6180 1884736487 S Bi:4:048:5 -115 1400 <
ffff810133af6180 1884790387 C Bi:4:048:5 -2 0
ffff810133af6180 1884790504 S Bi:4:048:5 -115 1400 <
ffff810133af6180 1884841389 C Bi:4:048:5 -2 0
ffff810133af6180 1884841486 S Bi:4:048:5 -115 1400 <
ffff810133af6180 1884893393 C Bi:4:048:5 -2 0
ffff810133af6180 1884893507 S Bi:4:048:5 -115 1400 <
ffff810133af6180 1884945396 C Bi:4:048:5 -2 0
ffff810133af6180 1884945510 S Bi:4:048:5 -115 1400 <
ffff810133af6180 1884997399 C Bi:4:048:5 -2 0
ffff810133af6180 1884997509 S Bi:4:048:5 -115 1400 <
ffff810133af6180 1885048400 C Bi:4:048:5 -2 0
ffff8101fae91e40 1885048537 S Bi:4:048:5 -115 1400 <
ffff8101fae91e40 1885100402 C Bi:4:048:5 -2 0
ffff8101fae91e40 1885100538 S Bi:4:048:5 -115 1400 <
ffff8101fae91e40 1885153406 C Bi:4:048:5 -2 0
ffff810133af69c0 1885153520 S Bi:4:048:5 -115 1400 <
ffff810133af69c0 1885205410 C Bi:4:048:5 -2 0
ffff810133af69c0 1885205479 S Bi:4:048:5 -115 1400 <
ffff810133af69c0 1885257412 C Bi:4:048:5 -2 0
ffff8101eb77b780 1885257528 S Bi:4:048:5 -115 1400 <
ffff8101eb77b780 1885309416 C Bi:4:048:5 -2 0
ffff8101eb77b780 1885309523 S Bi:4:048:5 -115 1400 <
ffff8101eb77b780 1885361416 C Bi:4:048:5 -2 0
ffff8101eb77b780 1885361515 S Bi:4:048:5 -115 1400 <
ffff8101eb77b780 1885413419 C Bi:4:048:5 -2 0
ffff8101eb77b780 1885413494 S Bi:4:048:5 -115 1400 <
ffff8101eb77b780 1885464423 C Bi:4:048:5 -2 0
ffff8101eb77b780 1885464519 S Bi:4:048:5 -115 1400 <
ffff8101eb77b780 1885517424 C Bi:4:048:5 -2 0
ffff8101eb77b780 1885517509 S Bi:4:048:5 -115 1400 <
ffff8101eb77b780 1885569429 C Bi:4:048:5 -2 0
ffff8101eb77b780 1885569514 S Bi:4:048:5 -115 1400 <
ffff8101eb77b780 1885621431 C Bi:4:048:5 -2 0
ffff8101eb77b780 1885621505 S Bi:4:048:5 -115 1400 <
ffff8101eb77b780 1885673435 C Bi:4:048:5 -2 0
ffff8101eb77b780 1885673502 S Bi:4:048:5 -115 1400 <
ffff8101eb77b780 1885725436 C Bi:4:048:5 -2 0
ffff8101eb77b780 1885725550 S Bi:4:048:5 -115 1400 <
ffff8101eb77b780 1885777440 C Bi:4:048:5 -2 0
ffff8101eb77b780 1885777538 S Bi:4:048:5 -115 1400 <
ffff8101eb77b780 1885829444 C Bi:4:048:5 -2 0
ffff8101eb77b780 1885829533 S Bi:4:048:5 -115 1400 <
ffff8101eb77b780 1885881447 C Bi:4:048:5 -2 0
ffff8101eb77b780 1885881554 S Bi:4:048:5 -115 1400 <
ffff8101eb77b780 1885933450 C Bi:4:048:5 -2 0
ffff8101eb77b780 1885933540 S Bi:4:048:5 -115 1400 <
ffff8101eb77b780 1885985453 C Bi:4:048:5 -2 0
ffff8101eb77b780 1885985526 S Bi:4:048:5 -115 1400 <
ffff8101eb77b780 1886037455 C Bi:4:048:5 -2 0
ffff8101eb77b780 1886037529 S Bi:4:048:5 -115 1400 <
ffff8101eb77b780 1886089460 C Bi:4:048:5 -2 0
ffff8101eb77b780 1886089573 S Bi:4:048:5 -115 1400 <
ffff8101eb77b780 1886141462 C Bi:4:048:5 -2 0
ffff8101eb77b780 1886141543 S Bi:4:048:5 -115 1400 <
ffff8101eb77b780 1886193466 C Bi:4:048:5 -2 0
ffff8101eb77b780 1886193548 S Bi:4:048:5 -115 1400 <
ffff8101eb77b780 1886245467 C Bi:4:048:5 -2 0
ffff8101eb77b780 1886245560 S Bi:4:048:5 -115 1400 <
ffff8101eb77b780 1886297470 C Bi:4:048:5 -2 0
ffff8101eb77b780 1886297573 S Bi:4:048:5 -115 1400 <
ffff8101eb77b780 1886349474 C Bi:4:048:5 -2 0
ffff8101eb77b780 1886349557 S Bi:4:048:5 -115 1400 <
ffff8101eb77b780 1886401476 C Bi:4:048:5 -2 0
ffff8101eb77b780 1886401540 S Bi:4:048:5 -115 1400 <
ffff8101eb77b780 1886452480 C Bi:4:048:5 -2 0
ffff8101eb77b780 1886452593 S Bi:4:048:5 -115 1400 <
ffff8101eb77b780 1886505482 C Bi:4:048:5 -2 0
ffff8101eb77b780 1886505582 S Bi:4:048:5 -115 1400 <
ffff8101eb77b780 1886557485 C Bi:4:048:5 -2 0
ffff8101eb77b780 1886557565 S Bi:4:048:5 -115 1400 <
ffff8101eb77b780 1886609488 C Bi:4:048:5 -2 0
ffff8101eb77b780 1886609596 S Bi:4:048:5 -115 1400 <
ffff8101eb77b780 1886661491 C Bi:4:048:5 -2 0
ffff8101eb77b780 1886661555 S Bi:4:048:5 -115 1400 <
ffff8101eb77b780 1886713493 C Bi:4:048:5 -2 0
ffff8101eb77b780 1886713577 S Bi:4:048:5 -115 1400 <
ffff8101eb77b780 1886765496 C Bi:4:048:5 -2 0
ffff8101eb77b780 1886765594 S Bi:4:048:5 -115 1400 <
ffff8101eb77b780 1886817501 C Bi:4:048:5 -2 0
ffff8101eb77b780 1886817592 S Bi:4:048:5 -115 1400 <
ffff8101eb77b780 1886868502 C Bi:4:048:5 -2 0
ffff8101eb77b780 1886868614 S Bi:4:048:5 -115 1400 <
ffff8101eb77b780 1886921506 C Bi:4:048:5 -2 0
ffff8101eb77b780 1886921619 S Bi:4:048:5 -115 1400 <
ffff8101eb77b780 1886973509 C Bi:4:048:5 -2 0
ffff8101eb77b780 1886973605 S Bi:4:048:5 -115 1400 <
ffff8101eb77b780 1887025511 C Bi:4:048:5 -2 0
ffff8101eb77b780 1887025598 S Bi:4:048:5 -115 1400 <
ffff8101eb77b780 1887077514 C Bi:4:048:5 -2 0
ffff8101eb77b780 1887077586 S Bi:4:048:5 -115 1400 <
ffff8101eb77b780 1887129517 C Bi:4:048:5 -2 0
ffff8101eb77b780 1887129592 S Bi:4:048:5 -115 1400 <
ffff8101eb77b780 1887181520 C Bi:4:048:5 -2 0
ffff8101eb77b780 1887181596 S Bi:4:048:5 -115 1400 <
ffff8101eb77b780 1887233523 C Bi:4:048:5 -2 0
ffff8101eb77b780 1887233615 S Bi:4:048:5 -115 1400 <
ffff8101eb77b780 1887285526 C Bi:4:048:5 -2 0
ffff8101eb77b780 1887285627 S Bi:4:048:5 -115 1400 <
ffff8101eb77b780 1887337527 C Bi:4:048:5 -2 0
ffff8101eb77b780 1887337624 S Bi:4:048:5 -115 1400 <
ffff8101eb77b780 1887388531 C Bi:4:048:5 -2 0
ffff8101eb77b780 1887388651 S Bi:4:048:5 -115 1400 <
ffff8101eb77b780 1887441532 C Bi:4:048:5 -2 0
ffff8101eb77b780 1887441609 S Bi:4:048:5 -115 1400 <
ffff8101eb77b780 1887493536 C Bi:4:048:5 -2 0
ffff8101eb77b780 1887493636 S Bi:4:048:5 -115 1400 <
ffff8101eb77b780 1887527535 C Bi:4:048:5 0 35 = 7eff7d23 c0217d21 7d237d20 7d2e7d22 7d267d20 7d207d20 7d207d23 7d24c023
ffff8101eb77b780 1887528805 S Bi:4:048:5 -115 1400 <
ffff8101eb77b780 1887581541 C Bi:4:048:5 -2 0
ffff8101eb77b780 1887581721 S Bi:4:048:5 -115 1400 <
ffff8101fae91300 1887582252 S Bo:4:048:6 -115 64 = 7eff7d23 c0217d22 7d237d20 7d2e7d22 7d267d20 7d207d20 7d207d23 7d24c023
ffff8101fae91300 1887582531 C Bo:4:048:6 0 64 >
ffff8101eb77b780 1887633545 C Bi:4:048:5 -2 0
ffff8101eb77b780 1887633640 S Bi:4:048:5 -115 1400 <
ffff8101eb77b780 1887685548 C Bi:4:048:5 -2 0
ffff8101eb77b780 1887685616 S Bi:4:048:5 -115 1400 <
ffff8101eb77b780 1887736551 C Bi:4:048:5 -2 0
ffff8101eb77b780 1887736639 S Bi:4:048:5 -115 1400 <
ffff8101eb77b780 1887789556 C Bi:4:048:5 -2 0
ffff8101eb77b780 1887789673 S Bi:4:048:5 -115 1400 <
ffff8101eb77b780 1887841556 C Bi:4:048:5 -2 0
ffff8101eb77b780 1887841673 S Bi:4:048:5 -115 1400 <
ffff8101eb77b780 1887893559 C Bi:4:048:5 -2 0
ffff8101eb77b780 1887893673 S Bi:4:048:5 -115 1400 <
ffff8101eb77b780 1887945561 C Bi:4:048:5 -2 0
ffff8101eb77b780 1887945670 S Bi:4:048:5 -115 1400 <
ffff8101eb77b780 1887996564 C Bi:4:048:5 -2 0
ffff8101eb77b780 1887996666 S Bi:4:048:5 -115 1400 <
ffff8101eb77b780 1888049566 C Bi:4:048:5 -2 0
ffff8101eb77b780 1888049671 S Bi:4:048:5 -115 1400 <
ffff8101eb77b780 1888101571 C Bi:4:048:5 -2 0
ffff8101eb77b780 1888101683 S Bi:4:048:5 -115 1400 <
ffff8101eb77b780 1888153572 C Bi:4:048:5 -2 0
ffff8101eb77b780 1888153687 S Bi:4:048:5 -115 1400 <
ffff8101eb77b780 1888205576 C Bi:4:048:5 -2 0
ffff8101eb77b780 1888205677 S Bi:4:048:5 -115 1400 <
ffff8101eb77b780 1888256578 C Bi:4:048:5 -2 0
ffff8101eb77b780 1888256685 S Bi:4:048:5 -115 1400 <
ffff8101eb77b780 1888309583 C Bi:4:048:5 -2 0
ffff8101eb77b780 1888309698 S Bi:4:048:5 -115 1400 <
ffff8101fae916c0 1888347117 S Bo:4:048:6 -115 4 = 41545a0d
ffff8101fae916c0 1888347577 C Bo:4:048:6 0 4 >
ffff8101fae916c0 1888347645 S Bi:4:048:5 -115 1400 <
ffff8101eb77b780 1888348580 C Bi:4:048:5 0 29 = 7eff7d23 c0217d22 7d227d20 7d2a7d22 7d267d20 7d207d20 7d2036d9 7e
ffff8101eb77b780 1888348789 S Bi:4:048:5 -115 1400 <
ffff8101fae916c0 1888349580 C Bi:4:048:5 0 29 = 7eff7d23 c0217d22 7d227d20 7d2a7d22 7d267d20 7d207d20 7d2036d9 7e
ffff8101eb77b780 1888350577 C Bi:4:048:5 0 35 = 7eff7d23 c0217d21 7d247d20 7d2e7d22 7d267d20 7d207d20 7d207d23 7d24c023
ffff8101eb77b780 1888350730 S Bi:4:048:5 -115 1400 <
ffff8101eb77b780 1888351578 C Bi:4:048:5 0 36 = 7eff7d23 c0217d21 7d257d20 7d2e7d22 7d267d20 7d207d20 7d207d23 7d24c023
ffff8101eb77b780 1888351714 S Bi:4:048:5 -115 1400 <
ffff8101fae91e40 1888352248 S Bi:4:048:5 -115 1400 <
ffff8101eb77b780 1888352579 C Bi:4:048:5 0 29 = 7eff7d23 c0217d22 7d227d20 7d2a7d22 7d267d20 7d207d20 7d2036d9 7e
ffff8101eb77b780 1888352698 S Bi:4:048:5 -115 1400 <
ffff8101fae91e40 1888353580 C Bi:4:048:5 0 29 = 7eff7d23 c0217d22 7d227d20 7d2a7d22 7d267d20 7d207d20 7d2036d9 7e
ffff8101eb77b780 1888354577 C Bi:4:048:5 0 35 = 7eff7d23 c0217d21 7d267d20 7d2e7d22 7d267d20 7d207d20 7d207d23 7d24c023
ffff8101eb77b780 1888354713 S Bi:4:048:5 -115 1400 <
ffff8101fae91e40 1888356229 S Bi:4:048:5 -115 1400 <
ffff8101eb77b780 1888409586 C Bi:4:048:5 -2 0
ffff8101eb77b780 1888409817 S Bi:4:048:5 -115 1400 <
ffff8101fae91e40 1888410585 C Bi:4:048:5 -2 0
ffff8101eb77b900 1888410871 S Bo:4:048:6 -115 12 = 01000000 00000000 78563412
ffff8101eb77b900 1888411576 C Bo:4:048:6 0 12 >
ffff8101eb77b900 1888411701 S Bo:4:048:6 -115 28 = 00000000 23000000 00000000 00c20100 42425445 54484552 78563412
ffff8101eb77b900 1888412577 C Bo:4:048:6 0 28 >
ffff8101eb77b780 1888413583 C Bi:4:048:5 -108 0
ffff8101eb77b780 1888413608 S Co:4:048:0 s 01 0b 0000 0000 0000 0
ffff8101eb77b780 1888414578 C Co:4:048:0 0 0
